2024-03-06 10:16:47.679 :: INFO     :: Updated Filename = Max/Max_2024_03_06/Max_2024_03_06_0/Max_2024_03_06_STIM_%s_0
2024-03-06 10:16:47.836 :: INFO     :: Model 4100 Ready for commands
2024-03-06 10:16:48.044 :: INFO     :: sent = 1001 s a stop
2024-03-06 10:16:48.073 :: INFO     :: reply = 1001 s a stop~*
2024-03-06 10:16:48.121 :: INFO     :: Send= get rev 

2024-03-06 10:16:48.180 :: INFO     :: Reply= get rev
M3,F2
*
 

2024-03-06 10:16:48.241 :: INFO     :: sent = get active
2024-03-06 10:16:48.257 :: INFO     :: reply = get active~Ready low output~*
2024-03-06 10:16:48.314 :: INFO     :: sent = g n
2024-03-06 10:16:48.329 :: INFO     :: reply = g n~192.168.88.150~255.255.255.0~192.168.88.1~*
2024-03-06 10:16:48.378 :: INFO     :: sent = g r
2024-03-06 10:16:48.393 :: INFO     :: reply = g r~M3,F2~*
2024-03-06 10:16:48.463 :: INFO     :: IntensityOrder = 1000,  400, 1400, 1800, 1200,  800, 2000,  600, 1600,  200
2024-03-06 10:16:48.479 :: INFO     :: Stim = 1000 uA
2024-03-06 10:16:48.545 :: INFO     :: sent = 1001 s a stop
2024-03-06 10:16:48.561 :: INFO     :: reply = 1001 s a stop~*
2024-03-06 10:16:48.603 :: INFO     :: sent = 1001 s m 0 0 1
2024-03-06 10:16:48.619 :: INFO     :: reply = 1001 s m 0 0 1~*
2024-03-06 10:16:48.661 :: INFO     :: sent = 1001 s m 0 1 6
2024-03-06 10:16:48.677 :: INFO     :: reply = 1001 s m 0 1 6~*
2024-03-06 10:16:48.727 :: INFO     :: sent = 1001 s m 4 0 1
2024-03-06 10:16:48.743 :: INFO     :: reply = 1001 s m 4 0 1~*
2024-03-06 10:16:48.789 :: INFO     :: sent = 1001 s m 7 0
2024-03-06 10:16:48.804 :: INFO     :: reply = 1001 s m 7 0~*
2024-03-06 10:16:48.849 :: INFO     :: sent = 1001 s m 7 4 1
2024-03-06 10:16:48.859 :: INFO     :: reply = 1001 s m 7 4 1~*
2024-03-06 10:16:48.906 :: INFO     :: sent = 1001 s m 7 3 26500000
2024-03-06 10:16:48.922 :: INFO     :: reply = 1001 s m 7 3 26500000~*
2024-03-06 10:16:48.956 :: INFO     :: sent = 1001 s m 7 2 21500000
2024-03-06 10:16:48.973 :: INFO     :: reply = 1001 s m 7 2 21500000~*
2024-03-06 10:16:49.019 :: INFO     :: sent = 1001 s m 10 5 1500000
2024-03-06 10:16:49.024 :: INFO     :: reply = 1001 s m 10 5 1500000~*
2024-03-06 10:16:49.073 :: INFO     :: sent = 1001 s m 10 4 10
2024-03-06 10:16:49.089 :: INFO     :: reply = 1001 s m 10 4 10~*
2024-03-06 10:16:49.122 :: INFO     :: sent = 1001 s m 10 2 2
2024-03-06 10:16:49.138 :: INFO     :: reply = 1001 s m 10 2 2~*
2024-03-06 10:16:49.185 :: INFO     :: sent = 1001 s m 10 6 200
2024-03-06 10:16:49.202 :: INFO     :: reply = 1001 s m 10 6 200~*
2024-03-06 10:16:49.255 :: INFO     :: sent = 1001 s m 11 8 50
2024-03-06 10:16:49.271 :: INFO     :: reply = 1001 s m 11 8 50~*
2024-03-06 10:16:49.328 :: INFO     :: sent = 1001 s m 10 9 800
2024-03-06 10:16:49.344 :: INFO     :: reply = 1001 s m 10 9 800~*
2024-03-06 10:16:49.388 :: INFO     :: sent = 1001 s m 10 7 1000
2024-03-06 10:16:49.404 :: INFO     :: reply = 1001 s m 10 7 1000~*
2024-03-06 10:16:49.450 :: INFO     :: sent = 1001 s m 10 10 -250
2024-03-06 10:16:49.466 :: INFO     :: reply = 1001 s m 10 10 -250~*
2024-03-06 10:16:49.649 :: INFO     :: sent = 1001 s a run
2024-03-06 10:16:49.666 :: INFO     :: reply = 1001 s a run~*
2024-03-06 10:16:50.207 :: INFO     :: Started Intan Recording
2024-03-06 10:16:50.361 :: INFO     :: Updated Intan Folder: C:/Data/raw_data/Max/Max_2024_03_06/Max_2024_03_06_0
2024-03-06 10:16:50.379 :: INFO     :: Updated Filename = Max/Max_2024_03_06/Max_2024_03_06_0/Max_2024_03_06_STIM_%s_0
2024-03-06 10:18:13.243 :: INFO     :: IntensityOrder = 1600,  200, 1800,  600, 1400,  400,  800, 1000, 1200, 2000
2024-03-06 10:18:13.271 :: INFO     :: Stim = 1600 uA
2024-03-06 10:18:13.463 :: INFO     :: sent = 1001 s a stop
2024-03-06 10:18:13.479 :: INFO     :: reply = 1001 s a stop~*
2024-03-06 10:18:13.521 :: INFO     :: sent = 1001 s m 0 0 1
2024-03-06 10:18:13.538 :: INFO     :: reply = 1001 s m 0 0 1~*
2024-03-06 10:18:13.588 :: INFO     :: sent = 1001 s m 0 1 6
2024-03-06 10:18:13.604 :: INFO     :: reply = 1001 s m 0 1 6~*
2024-03-06 10:18:13.651 :: INFO     :: sent = 1001 s m 4 0 1
2024-03-06 10:18:13.669 :: INFO     :: reply = 1001 s m 4 0 1~*
2024-03-06 10:18:13.703 :: INFO     :: sent = 1001 s m 7 0
2024-03-06 10:18:13.721 :: INFO     :: reply = 1001 s m 7 0~*
2024-03-06 10:18:13.769 :: INFO     :: sent = 1001 s m 7 4 1
2024-03-06 10:18:13.787 :: INFO     :: reply = 1001 s m 7 4 1~*
2024-03-06 10:18:13.831 :: INFO     :: sent = 1001 s m 7 3 26500000
2024-03-06 10:18:13.849 :: INFO     :: reply = 1001 s m 7 3 26500000~*
2024-03-06 10:18:13.892 :: INFO     :: sent = 1001 s m 7 2 21500000
2024-03-06 10:18:13.902 :: INFO     :: reply = 1001 s m 7 2 21500000~*
2024-03-06 10:18:13.952 :: INFO     :: sent = 1001 s m 10 5 1500000
2024-03-06 10:18:13.967 :: INFO     :: reply = 1001 s m 10 5 1500000~*
2024-03-06 10:18:14.000 :: INFO     :: sent = 1001 s m 10 4 10
2024-03-06 10:18:14.018 :: INFO     :: reply = 1001 s m 10 4 10~*
2024-03-06 10:18:14.064 :: INFO     :: sent = 1001 s m 10 2 2
2024-03-06 10:18:14.081 :: INFO     :: reply = 1001 s m 10 2 2~*
2024-03-06 10:18:14.129 :: INFO     :: sent = 1001 s m 10 6 200
2024-03-06 10:18:14.133 :: INFO     :: reply = 1001 s m 10 6 200~*
2024-03-06 10:18:14.182 :: INFO     :: sent = 1001 s m 11 8 50
2024-03-06 10:18:14.199 :: INFO     :: reply = 1001 s m 11 8 50~*
2024-03-06 10:18:14.247 :: INFO     :: sent = 1001 s m 10 9 800
2024-03-06 10:18:14.263 :: INFO     :: reply = 1001 s m 10 9 800~*
2024-03-06 10:18:14.315 :: INFO     :: sent = 1001 s m 10 7 1600
2024-03-06 10:18:14.334 :: INFO     :: reply = 1001 s m 10 7 1600~*
2024-03-06 10:18:14.379 :: INFO     :: sent = 1001 s m 10 10 -400
2024-03-06 10:18:14.396 :: INFO     :: reply = 1001 s m 10 10 -400~*
2024-03-06 10:18:14.575 :: INFO     :: sent = 1001 s a run
2024-03-06 10:18:14.592 :: INFO     :: reply = 1001 s a run~*
2024-03-06 10:18:15.138 :: INFO     :: Started Intan Recording
2024-03-06 10:18:15.287 :: INFO     :: Updated Intan Folder: C:/Data/raw_data/Max/Max_2024_03_06/Max_2024_03_06_0
2024-03-06 10:18:15.303 :: INFO     :: Updated Filename = Max/Max_2024_03_06/Max_2024_03_06_0/Max_2024_03_06_STIM_%s_0
2024-03-06 10:18:15.390 :: INFO     :: Started SAGA recording (Block=0)
2024-03-06 10:18:15.407 :: INFO     :: Begin Stimulation
2024-03-06 10:18:15.452 :: INFO     :: sent = 1001 s t one
2024-03-06 10:18:15.470 :: INFO     :: reply = 1001 s t one~*
2024-03-06 10:18:42.049 :: INFO     :: Stopped SAGA recording (Block = 0)
2024-03-06 10:18:42.080 :: INFO     :: Stopped Intan
2024-03-06 10:18:42.085 :: INFO     :: Stim = 200 uA
2024-03-06 10:18:42.478 :: INFO     :: sent = 1001 s a stop
2024-03-06 10:18:42.480 :: INFO     :: reply = 1001 s a stop~*
2024-03-06 10:18:42.543 :: INFO     :: sent = 1001 s m 0 0 1
2024-03-06 10:18:42.560 :: INFO     :: reply = 1001 s m 0 0 1~*
2024-03-06 10:18:42.604 :: INFO     :: sent = 1001 s m 0 1 6
2024-03-06 10:18:42.612 :: INFO     :: reply = 1001 s m 0 1 6~*
2024-03-06 10:18:42.660 :: INFO     :: sent = 1001 s m 4 0 1
2024-03-06 10:18:42.676 :: INFO     :: reply = 1001 s m 4 0 1~*
2024-03-06 10:18:42.727 :: INFO     :: sent = 1001 s m 7 0
2024-03-06 10:18:42.744 :: INFO     :: reply = 1001 s m 7 0~*
2024-03-06 10:18:42.790 :: INFO     :: sent = 1001 s m 7 4 1
2024-03-06 10:18:42.806 :: INFO     :: reply = 1001 s m 7 4 1~*
2024-03-06 10:18:42.859 :: INFO     :: sent = 1001 s m 7 3 26500000
2024-03-06 10:18:42.875 :: INFO     :: reply = 1001 s m 7 3 26500000~*
2024-03-06 10:18:42.926 :: INFO     :: sent = 1001 s m 7 2 21500000
2024-03-06 10:18:42.943 :: INFO     :: reply = 1001 s m 7 2 21500000~*
2024-03-06 10:18:42.988 :: INFO     :: sent = 1001 s m 10 5 1500000
2024-03-06 10:18:43.004 :: INFO     :: reply = 1001 s m 10 5 1500000~*
2024-03-06 10:18:43.039 :: INFO     :: sent = 1001 s m 10 4 10
2024-03-06 10:18:43.056 :: INFO     :: reply = 1001 s m 10 4 10~*
2024-03-06 10:18:43.102 :: INFO     :: sent = 1001 s m 10 2 2
2024-03-06 10:18:43.107 :: INFO     :: reply = 1001 s m 10 2 2~*
2024-03-06 10:18:43.156 :: INFO     :: sent = 1001 s m 10 6 200
2024-03-06 10:18:43.171 :: INFO     :: reply = 1001 s m 10 6 200~*
2024-03-06 10:18:43.218 :: INFO     :: sent = 1001 s m 11 8 50
2024-03-06 10:18:43.235 :: INFO     :: reply = 1001 s m 11 8 50~*
2024-03-06 10:18:43.270 :: INFO     :: sent = 1001 s m 10 9 800
2024-03-06 10:18:43.287 :: INFO     :: reply = 1001 s m 10 9 800~*
2024-03-06 10:18:43.339 :: INFO     :: sent = 1001 s m 10 7 200
2024-03-06 10:18:43.356 :: INFO     :: reply = 1001 s m 10 7 200~*
2024-03-06 10:18:43.401 :: INFO     :: sent = 1001 s m 10 10 -50
2024-03-06 10:18:43.417 :: INFO     :: reply = 1001 s m 10 10 -50~*
2024-03-06 10:18:43.585 :: INFO     :: sent = 1001 s a run
2024-03-06 10:18:43.600 :: INFO     :: reply = 1001 s a run~*
2024-03-06 10:18:44.145 :: INFO     :: Started Intan Recording
2024-03-06 10:18:44.293 :: INFO     :: Updated Intan Folder: C:/Data/raw_data/Max/Max_2024_03_06/Max_2024_03_06_0
2024-03-06 10:18:44.296 :: INFO     :: Updated Filename = Max/Max_2024_03_06/Max_2024_03_06_0/Max_2024_03_06_STIM_%s_1
2024-03-06 10:18:44.392 :: INFO     :: Started SAGA recording (Block=1)
2024-03-06 10:18:44.410 :: INFO     :: Begin Stimulation
2024-03-06 10:18:44.456 :: INFO     :: sent = 1001 s t one
2024-03-06 10:18:44.460 :: INFO     :: reply = 1001 s t one~*
2024-03-06 10:19:11.036 :: INFO     :: Stopped SAGA recording (Block = 1)
2024-03-06 10:19:11.065 :: INFO     :: Stopped Intan
2024-03-06 10:19:11.083 :: INFO     :: Stim = 1800 uA
2024-03-06 10:19:11.237 :: INFO     :: sent = 1001 s a stop
2024-03-06 10:19:11.255 :: INFO     :: reply = 1001 s a stop~*
2024-03-06 10:19:11.290 :: INFO     :: sent = 1001 s m 0 0 1
2024-03-06 10:19:11.304 :: INFO     :: reply = 1001 s m 0 0 1~*
2024-03-06 10:19:11.351 :: INFO     :: sent = 1001 s m 0 1 6
2024-03-06 10:19:11.355 :: INFO     :: reply = 1001 s m 0 1 6~*
2024-03-06 10:19:11.404 :: INFO     :: sent = 1001 s m 4 0 1
2024-03-06 10:19:11.423 :: INFO     :: reply = 1001 s m 4 0 1~*
2024-03-06 10:19:11.466 :: INFO     :: sent = 1001 s m 7 0
2024-03-06 10:19:11.484 :: INFO     :: reply = 1001 s m 7 0~*
2024-03-06 10:19:11.521 :: INFO     :: sent = 1001 s m 7 4 1
2024-03-06 10:19:11.542 :: INFO     :: reply = 1001 s m 7 4 1~*
2024-03-06 10:19:11.582 :: INFO     :: sent = 1001 s m 7 3 26500000
2024-03-06 10:19:11.601 :: INFO     :: reply = 1001 s m 7 3 26500000~*
2024-03-06 10:19:11.643 :: INFO     :: sent = 1001 s m 7 2 21500000
2024-03-06 10:19:11.661 :: INFO     :: reply = 1001 s m 7 2 21500000~*
2024-03-06 10:19:11.718 :: INFO     :: sent = 1001 s m 10 5 1500000
2024-03-06 10:19:11.736 :: INFO     :: reply = 1001 s m 10 5 1500000~*
2024-03-06 10:19:11.781 :: INFO     :: sent = 1001 s m 10 4 10
2024-03-06 10:19:11.798 :: INFO     :: reply = 1001 s m 10 4 10~*
2024-03-06 10:19:11.843 :: INFO     :: sent = 1001 s m 10 2 2
2024-03-06 10:19:11.851 :: INFO     :: reply = 1001 s m 10 2 2~*
2024-03-06 10:19:11.898 :: INFO     :: sent = 1001 s m 10 6 200
2024-03-06 10:19:11.913 :: INFO     :: reply = 1001 s m 10 6 200~*
2024-03-06 10:19:11.965 :: INFO     :: sent = 1001 s m 11 8 50
2024-03-06 10:19:11.981 :: INFO     :: reply = 1001 s m 11 8 50~*
2024-03-06 10:19:12.029 :: INFO     :: sent = 1001 s m 10 9 800
2024-03-06 10:19:12.045 :: INFO     :: reply = 1001 s m 10 9 800~*
2024-03-06 10:19:12.080 :: INFO     :: sent = 1001 s m 10 7 1800
2024-03-06 10:19:12.098 :: INFO     :: reply = 1001 s m 10 7 1800~*
2024-03-06 10:19:12.146 :: INFO     :: sent = 1001 s m 10 10 -450
2024-03-06 10:19:12.164 :: INFO     :: reply = 1001 s m 10 10 -450~*
2024-03-06 10:19:12.328 :: INFO     :: sent = 1001 s a run
2024-03-06 10:19:12.344 :: INFO     :: reply = 1001 s a run~*
2024-03-06 10:19:12.886 :: INFO     :: Started Intan Recording
2024-03-06 10:19:13.032 :: INFO     :: Updated Intan Folder: C:/Data/raw_data/Max/Max_2024_03_06/Max_2024_03_06_0
2024-03-06 10:19:13.049 :: INFO     :: Updated Filename = Max/Max_2024_03_06/Max_2024_03_06_0/Max_2024_03_06_STIM_%s_2
2024-03-06 10:19:13.135 :: INFO     :: Started SAGA recording (Block=2)
2024-03-06 10:19:13.152 :: INFO     :: Begin Stimulation
2024-03-06 10:19:13.196 :: INFO     :: sent = 1001 s t one
2024-03-06 10:19:13.214 :: INFO     :: reply = 1001 s t one~*
2024-03-06 10:19:39.751 :: INFO     :: Stopped SAGA recording (Block = 2)
2024-03-06 10:19:39.785 :: INFO     :: Stopped Intan
2024-03-06 10:35:01.184 :: INFO     :: IntensityOrder = 1800, 1000, 1400,  200, 1200,  600, 2000,  400, 1600,  800
2024-03-06 10:35:01.205 :: INFO     :: Stim = 1800 uA
2024-03-06 10:36:21.626 :: INFO     :: IntensityOrder =  600, 1800, 1000, 2000,  800, 1400, 1200,  200,  400, 1600
2024-03-06 10:36:21.644 :: INFO     :: Stim = 600 uA
2024-03-06 10:36:21.816 :: INFO     :: sent = 1001 s a stop
2024-03-06 10:36:21.834 :: INFO     :: reply = 1001 s a stop~*
2024-03-06 10:36:21.882 :: INFO     :: sent = 1001 s m 0 0 1
2024-03-06 10:36:21.898 :: INFO     :: reply = 1001 s m 0 0 1~*
2024-03-06 10:36:21.950 :: INFO     :: sent = 1001 s m 0 1 6
2024-03-06 10:36:21.967 :: INFO     :: reply = 1001 s m 0 1 6~*
2024-03-06 10:36:22.010 :: INFO     :: sent = 1001 s m 4 0 1
2024-03-06 10:36:22.027 :: INFO     :: reply = 1001 s m 4 0 1~*
2024-03-06 10:36:22.063 :: INFO     :: sent = 1001 s m 7 0
2024-03-06 10:36:22.081 :: INFO     :: reply = 1001 s m 7 0~*
2024-03-06 10:36:22.131 :: INFO     :: sent = 1001 s m 7 4 1
2024-03-06 10:36:22.149 :: INFO     :: reply = 1001 s m 7 4 1~*
2024-03-06 10:36:22.195 :: INFO     :: sent = 1001 s m 7 3 26500000
2024-03-06 10:36:22.212 :: INFO     :: reply = 1001 s m 7 3 26500000~*
2024-03-06 10:36:22.256 :: INFO     :: sent = 1001 s m 7 2 21500000
2024-03-06 10:36:22.263 :: INFO     :: reply = 1001 s m 7 2 21500000~*
2024-03-06 10:36:22.311 :: INFO     :: sent = 1001 s m 10 5 1500000
2024-03-06 10:36:22.328 :: INFO     :: reply = 1001 s m 10 5 1500000~*
2024-03-06 10:36:22.362 :: INFO     :: sent = 1001 s m 10 4 10
2024-03-06 10:36:22.379 :: INFO     :: reply = 1001 s m 10 4 10~*
2024-03-06 10:36:22.427 :: INFO     :: sent = 1001 s m 10 2 2
2024-03-06 10:36:22.444 :: INFO     :: reply = 1001 s m 10 2 2~*
2024-03-06 10:36:22.488 :: INFO     :: sent = 1001 s m 10 6 200
2024-03-06 10:36:22.505 :: INFO     :: reply = 1001 s m 10 6 200~*
2024-03-06 10:36:22.558 :: INFO     :: sent = 1001 s m 11 8 50
2024-03-06 10:36:22.576 :: INFO     :: reply = 1001 s m 11 8 50~*
2024-03-06 10:36:22.623 :: INFO     :: sent = 1001 s m 10 9 800
2024-03-06 10:36:22.639 :: INFO     :: reply = 1001 s m 10 9 800~*
2024-03-06 10:36:22.689 :: INFO     :: sent = 1001 s m 10 7 600
2024-03-06 10:36:22.708 :: INFO     :: reply = 1001 s m 10 7 600~*
2024-03-06 10:36:22.759 :: INFO     :: sent = 1001 s m 10 10 -150
2024-03-06 10:36:22.775 :: INFO     :: reply = 1001 s m 10 10 -150~*
2024-03-06 10:36:22.953 :: INFO     :: sent = 1001 s a run
2024-03-06 10:36:22.971 :: INFO     :: reply = 1001 s a run~*
2024-03-06 10:37:27.286 :: INFO     :: IntensityOrder =  400, 1200,  200, 1800, 2000, 1000,  800, 1600, 1400,  600
2024-03-06 10:37:27.304 :: INFO     :: Stim = 400 uA
2024-03-06 10:37:27.471 :: INFO     :: sent = 1001 s a stop
2024-03-06 10:37:27.489 :: INFO     :: reply = 1001 s a stop~*
2024-03-06 10:37:27.534 :: INFO     :: sent = 1001 s m 0 0 1
2024-03-06 10:37:27.552 :: INFO     :: reply = 1001 s m 0 0 1~*
2024-03-06 10:37:27.596 :: INFO     :: sent = 1001 s m 0 1 6
2024-03-06 10:37:27.603 :: INFO     :: reply = 1001 s m 0 1 6~*
2024-03-06 10:37:27.650 :: INFO     :: sent = 1001 s m 4 0 1
2024-03-06 10:37:27.667 :: INFO     :: reply = 1001 s m 4 0 1~*
2024-03-06 10:37:27.718 :: INFO     :: sent = 1001 s m 7 0
2024-03-06 10:37:27.736 :: INFO     :: reply = 1001 s m 7 0~*
2024-03-06 10:37:27.782 :: INFO     :: sent = 1001 s m 7 4 1
2024-03-06 10:37:27.799 :: INFO     :: reply = 1001 s m 7 4 1~*
2024-03-06 10:37:27.849 :: INFO     :: sent = 1001 s m 7 3 26500000
2024-03-06 10:37:27.866 :: INFO     :: reply = 1001 s m 7 3 26500000~*
2024-03-06 10:37:27.911 :: INFO     :: sent = 1001 s m 7 2 21500000
2024-03-06 10:37:27.927 :: INFO     :: reply = 1001 s m 7 2 21500000~*
2024-03-06 10:37:27.966 :: INFO     :: sent = 1001 s m 10 5 1500000
2024-03-06 10:37:27.982 :: INFO     :: reply = 1001 s m 10 5 1500000~*
2024-03-06 10:37:28.030 :: INFO     :: sent = 1001 s m 10 4 10
2024-03-06 10:37:28.032 :: INFO     :: reply = 1001 s m 10 4 10~*
2024-03-06 10:37:28.080 :: INFO     :: sent = 1001 s m 10 2 2
2024-03-06 10:37:28.097 :: INFO     :: reply = 1001 s m 10 2 2~*
2024-03-06 10:37:28.149 :: INFO     :: sent = 1001 s m 10 6 200
2024-03-06 10:37:28.165 :: INFO     :: reply = 1001 s m 10 6 200~*
2024-03-06 10:37:28.213 :: INFO     :: sent = 1001 s m 11 8 50
2024-03-06 10:37:28.229 :: INFO     :: reply = 1001 s m 11 8 50~*
2024-03-06 10:37:28.277 :: INFO     :: sent = 1001 s m 10 9 800
2024-03-06 10:37:28.294 :: INFO     :: reply = 1001 s m 10 9 800~*
2024-03-06 10:37:28.328 :: INFO     :: sent = 1001 s m 10 7 400
2024-03-06 10:37:28.345 :: INFO     :: reply = 1001 s m 10 7 400~*
2024-03-06 10:37:28.390 :: INFO     :: sent = 1001 s m 10 10 -100
2024-03-06 10:37:28.395 :: INFO     :: reply = 1001 s m 10 10 -100~*
2024-03-06 10:37:28.575 :: INFO     :: sent = 1001 s a run
2024-03-06 10:37:28.592 :: INFO     :: reply = 1001 s a run~*
2024-03-06 10:39:36.718 :: INFO     :: IntensityOrder = 1600,  400,  800, 1000,  600, 1200,  200, 1400, 1800, 2000
2024-03-06 10:39:36.736 :: INFO     :: Stim = 1600 uA
2024-03-06 10:39:36.894 :: INFO     :: sent = 1001 s a stop
2024-03-06 10:39:36.912 :: INFO     :: reply = 1001 s a stop~*
2024-03-06 10:39:36.958 :: INFO     :: sent = 1001 s m 0 0 1
2024-03-06 10:39:36.975 :: INFO     :: reply = 1001 s m 0 0 1~*
2024-03-06 10:39:37.017 :: INFO     :: sent = 1001 s m 0 1 6
2024-03-06 10:39:37.033 :: INFO     :: reply = 1001 s m 0 1 6~*
2024-03-06 10:39:37.077 :: INFO     :: sent = 1001 s m 4 0 1
2024-03-06 10:39:37.094 :: INFO     :: reply = 1001 s m 4 0 1~*
2024-03-06 10:39:37.139 :: INFO     :: sent = 1001 s m 7 0
2024-03-06 10:39:37.156 :: INFO     :: reply = 1001 s m 7 0~*
2024-03-06 10:39:37.181 :: INFO     :: sent = 1001 s m 7 4 1
2024-03-06 10:39:37.198 :: INFO     :: reply = 1001 s m 7 4 1~*
2024-03-06 10:39:37.246 :: INFO     :: sent = 1001 s m 7 3 26500000
2024-03-06 10:39:37.263 :: INFO     :: reply = 1001 s m 7 3 26500000~*
2024-03-06 10:39:37.308 :: INFO     :: sent = 1001 s m 7 2 21500000
2024-03-06 10:39:37.325 :: INFO     :: reply = 1001 s m 7 2 21500000~*
2024-03-06 10:39:37.370 :: INFO     :: sent = 1001 s m 10 5 1500000
2024-03-06 10:39:37.387 :: INFO     :: reply = 1001 s m 10 5 1500000~*
2024-03-06 10:39:37.431 :: INFO     :: sent = 1001 s m 10 4 10
2024-03-06 10:39:37.449 :: INFO     :: reply = 1001 s m 10 4 10~*
2024-03-06 10:39:37.493 :: INFO     :: sent = 1001 s m 10 2 2
2024-03-06 10:39:37.509 :: INFO     :: reply = 1001 s m 10 2 2~*
2024-03-06 10:39:37.556 :: INFO     :: sent = 1001 s m 10 6 200
2024-03-06 10:39:37.570 :: INFO     :: reply = 1001 s m 10 6 200~*
2024-03-06 10:39:37.617 :: INFO     :: sent = 1001 s m 11 8 50
2024-03-06 10:39:37.625 :: INFO     :: reply = 1001 s m 11 8 50~*
2024-03-06 10:39:37.673 :: INFO     :: sent = 1001 s m 10 9 800
2024-03-06 10:39:37.690 :: INFO     :: reply = 1001 s m 10 9 800~*
2024-03-06 10:39:37.742 :: INFO     :: sent = 1001 s m 10 7 1600
2024-03-06 10:39:37.759 :: INFO     :: reply = 1001 s m 10 7 1600~*
2024-03-06 10:39:37.803 :: INFO     :: sent = 1001 s m 10 10 -400
2024-03-06 10:39:37.821 :: INFO     :: reply = 1001 s m 10 10 -400~*
2024-03-06 10:39:37.987 :: INFO     :: sent = 1001 s a run
2024-03-06 10:39:38.005 :: INFO     :: reply = 1001 s a run~*
2024-03-06 10:39:38.645 :: INFO     :: Updated Intan Folder: C:/Data/raw_data/Max/Max_2024_03_06/Max_2024_03_06_1
2024-03-06 10:39:38.649 :: INFO     :: Updated Filename = Max/Max_2024_03_06/Max_2024_03_06_1/Max_2024_03_06_STIM_%s_3
2024-03-06 10:39:38.680 :: INFO     :: Started Intan Recording
2024-03-06 10:39:38.779 :: INFO     :: Started SAGA recording (Block=3)
2024-03-06 10:39:38.787 :: INFO     :: Begin Stimulation
2024-03-06 10:39:38.910 :: INFO     :: sent = 1001 s t one
2024-03-06 10:39:38.928 :: INFO     :: reply = 1001 s t one~*
2024-03-06 10:40:05.543 :: INFO     :: Stopped Intan
2024-03-06 10:40:05.576 :: INFO     :: Stopped SAGA recording (Block = 3)
2024-03-06 10:40:05.598 :: INFO     :: Stim = 400 uA
2024-03-06 10:40:05.757 :: INFO     :: sent = 1001 s a stop
2024-03-06 10:40:05.775 :: INFO     :: reply = 1001 s a stop~*
2024-03-06 10:40:05.823 :: INFO     :: sent = 1001 s m 0 0 1
2024-03-06 10:40:05.840 :: INFO     :: reply = 1001 s m 0 0 1~*
2024-03-06 10:40:05.884 :: INFO     :: sent = 1001 s m 0 1 6
2024-03-06 10:40:05.904 :: INFO     :: reply = 1001 s m 0 1 6~*
2024-03-06 10:40:05.956 :: INFO     :: sent = 1001 s m 4 0 1
2024-03-06 10:40:05.973 :: INFO     :: reply = 1001 s m 4 0 1~*
2024-03-06 10:40:06.016 :: INFO     :: sent = 1001 s m 7 0
2024-03-06 10:40:06.034 :: INFO     :: reply = 1001 s m 7 0~*
2024-03-06 10:40:06.077 :: INFO     :: sent = 1001 s m 7 4 1
2024-03-06 10:40:06.094 :: INFO     :: reply = 1001 s m 7 4 1~*
2024-03-06 10:40:06.138 :: INFO     :: sent = 1001 s m 7 3 26500000
2024-03-06 10:40:06.154 :: INFO     :: reply = 1001 s m 7 3 26500000~*
2024-03-06 10:40:06.202 :: INFO     :: sent = 1001 s m 7 2 21500000
2024-03-06 10:40:06.220 :: INFO     :: reply = 1001 s m 7 2 21500000~*
2024-03-06 10:40:06.269 :: INFO     :: sent = 1001 s m 10 5 1500000
2024-03-06 10:40:06.287 :: INFO     :: reply = 1001 s m 10 5 1500000~*
2024-03-06 10:40:06.331 :: INFO     :: sent = 1001 s m 10 4 10
2024-03-06 10:40:06.336 :: INFO     :: reply = 1001 s m 10 4 10~*
2024-03-06 10:40:06.384 :: INFO     :: sent = 1001 s m 10 2 2
2024-03-06 10:40:06.401 :: INFO     :: reply = 1001 s m 10 2 2~*
2024-03-06 10:40:06.450 :: INFO     :: sent = 1001 s m 10 6 200
2024-03-06 10:40:06.466 :: INFO     :: reply = 1001 s m 10 6 200~*
2024-03-06 10:40:06.513 :: INFO     :: sent = 1001 s m 11 8 50
2024-03-06 10:40:06.530 :: INFO     :: reply = 1001 s m 11 8 50~*
2024-03-06 10:40:06.565 :: INFO     :: sent = 1001 s m 10 9 800
2024-03-06 10:40:06.583 :: INFO     :: reply = 1001 s m 10 9 800~*
2024-03-06 10:40:06.628 :: INFO     :: sent = 1001 s m 10 7 400
2024-03-06 10:40:06.632 :: INFO     :: reply = 1001 s m 10 7 400~*
2024-03-06 10:40:06.681 :: INFO     :: sent = 1001 s m 10 10 -100
2024-03-06 10:40:06.697 :: INFO     :: reply = 1001 s m 10 10 -100~*
2024-03-06 10:40:06.870 :: INFO     :: sent = 1001 s a run
2024-03-06 10:40:06.888 :: INFO     :: reply = 1001 s a run~*
2024-03-06 10:40:07.540 :: INFO     :: Updated Intan Folder: C:/Data/raw_data/Max/Max_2024_03_06/Max_2024_03_06_1
2024-03-06 10:40:07.557 :: INFO     :: Updated Filename = Max/Max_2024_03_06/Max_2024_03_06_1/Max_2024_03_06_STIM_%s_4
2024-03-06 10:40:07.586 :: INFO     :: Started Intan Recording
2024-03-06 10:40:07.685 :: INFO     :: Started SAGA recording (Block=4)
2024-03-06 10:40:07.705 :: INFO     :: Begin Stimulation
2024-03-06 10:40:07.819 :: INFO     :: sent = 1001 s t one
2024-03-06 10:40:07.839 :: INFO     :: reply = 1001 s t one~*
2024-03-06 10:40:34.447 :: INFO     :: Stopped Intan
2024-03-06 10:40:34.468 :: INFO     :: Stopped SAGA recording (Block = 4)
2024-03-06 10:40:34.483 :: INFO     :: Stim = 800 uA
2024-03-06 10:40:34.647 :: INFO     :: sent = 1001 s a stop
2024-03-06 10:40:34.664 :: INFO     :: reply = 1001 s a stop~*
2024-03-06 10:40:34.710 :: INFO     :: sent = 1001 s m 0 0 1
2024-03-06 10:40:34.717 :: INFO     :: reply = 1001 s m 0 0 1~*
2024-03-06 10:40:34.766 :: INFO     :: sent = 1001 s m 0 1 6
2024-03-06 10:40:34.780 :: INFO     :: reply = 1001 s m 0 1 6~*
2024-03-06 10:40:34.828 :: INFO     :: sent = 1001 s m 4 0 1
2024-03-06 10:40:34.845 :: INFO     :: reply = 1001 s m 4 0 1~*
2024-03-06 10:40:34.899 :: INFO     :: sent = 1001 s m 7 0
2024-03-06 10:40:34.918 :: INFO     :: reply = 1001 s m 7 0~*
2024-03-06 10:40:34.969 :: INFO     :: sent = 1001 s m 7 4 1
2024-03-06 10:40:34.981 :: INFO     :: reply = 1001 s m 7 4 1~*
2024-03-06 10:40:35.029 :: INFO     :: sent = 1001 s m 7 3 26500000
2024-03-06 10:40:35.046 :: INFO     :: reply = 1001 s m 7 3 26500000~*
2024-03-06 10:40:35.095 :: INFO     :: sent = 1001 s m 7 2 21500000
2024-03-06 10:40:35.111 :: INFO     :: reply = 1001 s m 7 2 21500000~*
2024-03-06 10:40:35.159 :: INFO     :: sent = 1001 s m 10 5 1500000
2024-03-06 10:40:35.176 :: INFO     :: reply = 1001 s m 10 5 1500000~*
2024-03-06 10:40:35.227 :: INFO     :: sent = 1001 s m 10 4 10
2024-03-06 10:40:35.243 :: INFO     :: reply = 1001 s m 10 4 10~*
2024-03-06 10:40:35.293 :: INFO     :: sent = 1001 s m 10 2 2
2024-03-06 10:40:35.308 :: INFO     :: reply = 1001 s m 10 2 2~*
2024-03-06 10:40:35.359 :: INFO     :: sent = 1001 s m 10 6 200
2024-03-06 10:40:35.375 :: INFO     :: reply = 1001 s m 10 6 200~*
2024-03-06 10:40:35.423 :: INFO     :: sent = 1001 s m 11 8 50
2024-03-06 10:40:35.439 :: INFO     :: reply = 1001 s m 11 8 50~*
2024-03-06 10:40:35.491 :: INFO     :: sent = 1001 s m 10 9 800
2024-03-06 10:40:35.509 :: INFO     :: reply = 1001 s m 10 9 800~*
2024-03-06 10:40:35.555 :: INFO     :: sent = 1001 s m 10 7 800
2024-03-06 10:40:35.572 :: INFO     :: reply = 1001 s m 10 7 800~*
2024-03-06 10:40:35.623 :: INFO     :: sent = 1001 s m 10 10 -200
2024-03-06 10:40:35.638 :: INFO     :: reply = 1001 s m 10 10 -200~*
2024-03-06 10:40:35.803 :: INFO     :: sent = 1001 s a run
2024-03-06 10:40:35.821 :: INFO     :: reply = 1001 s a run~*
2024-03-06 10:40:36.480 :: INFO     :: Updated Intan Folder: C:/Data/raw_data/Max/Max_2024_03_06/Max_2024_03_06_1
2024-03-06 10:40:36.497 :: INFO     :: Updated Filename = Max/Max_2024_03_06/Max_2024_03_06_1/Max_2024_03_06_STIM_%s_5
2024-03-06 10:40:36.527 :: INFO     :: Started Intan Recording
2024-03-06 10:40:36.628 :: INFO     :: Started SAGA recording (Block=5)
2024-03-06 10:40:36.647 :: INFO     :: Begin Stimulation
2024-03-06 10:40:36.761 :: INFO     :: sent = 1001 s t one
2024-03-06 10:40:36.780 :: INFO     :: reply = 1001 s t one~*
2024-03-06 10:41:03.390 :: INFO     :: Stopped Intan
2024-03-06 10:41:03.423 :: INFO     :: Stopped SAGA recording (Block = 5)
2024-03-06 10:41:03.441 :: INFO     :: Stim = 1000 uA
2024-03-06 10:41:03.603 :: INFO     :: sent = 1001 s a stop
2024-03-06 10:41:03.622 :: INFO     :: reply = 1001 s a stop~*
2024-03-06 10:41:03.664 :: INFO     :: sent = 1001 s m 0 0 1
2024-03-06 10:41:03.682 :: INFO     :: reply = 1001 s m 0 0 1~*
2024-03-06 10:41:03.724 :: INFO     :: sent = 1001 s m 0 1 6
2024-03-06 10:41:03.740 :: INFO     :: reply = 1001 s m 0 1 6~*
2024-03-06 10:41:03.788 :: INFO     :: sent = 1001 s m 4 0 1
2024-03-06 10:41:03.806 :: INFO     :: reply = 1001 s m 4 0 1~*
2024-03-06 10:41:03.850 :: INFO     :: sent = 1001 s m 7 0
2024-03-06 10:41:03.869 :: INFO     :: reply = 1001 s m 7 0~*
2024-03-06 10:41:03.911 :: INFO     :: sent = 1001 s m 7 4 1
2024-03-06 10:41:03.922 :: INFO     :: reply = 1001 s m 7 4 1~*
2024-03-06 10:41:03.971 :: INFO     :: sent = 1001 s m 7 3 26500000
2024-03-06 10:41:03.990 :: INFO     :: reply = 1001 s m 7 3 26500000~*
2024-03-06 10:41:04.037 :: INFO     :: sent = 1001 s m 7 2 21500000
2024-03-06 10:41:04.052 :: INFO     :: reply = 1001 s m 7 2 21500000~*
2024-03-06 10:41:04.102 :: INFO     :: sent = 1001 s m 10 5 1500000
2024-03-06 10:41:04.118 :: INFO     :: reply = 1001 s m 10 5 1500000~*
2024-03-06 10:41:04.170 :: INFO     :: sent = 1001 s m 10 4 10
2024-03-06 10:41:04.188 :: INFO     :: reply = 1001 s m 10 4 10~*
2024-03-06 10:41:04.234 :: INFO     :: sent = 1001 s m 10 2 2
2024-03-06 10:41:04.252 :: INFO     :: reply = 1001 s m 10 2 2~*
2024-03-06 10:41:04.297 :: INFO     :: sent = 1001 s m 10 6 200
2024-03-06 10:41:04.315 :: INFO     :: reply = 1001 s m 10 6 200~*
2024-03-06 10:41:04.350 :: INFO     :: sent = 1001 s m 11 8 50
2024-03-06 10:41:04.366 :: INFO     :: reply = 1001 s m 11 8 50~*
2024-03-06 10:41:04.413 :: INFO     :: sent = 1001 s m 10 9 800
2024-03-06 10:41:04.417 :: INFO     :: reply = 1001 s m 10 9 800~*
2024-03-06 10:41:04.465 :: INFO     :: sent = 1001 s m 10 7 1000
2024-03-06 10:41:04.482 :: INFO     :: reply = 1001 s m 10 7 1000~*
2024-03-06 10:41:04.532 :: INFO     :: sent = 1001 s m 10 10 -250
2024-03-06 10:41:04.547 :: INFO     :: reply = 1001 s m 10 10 -250~*
2024-03-06 10:41:04.730 :: INFO     :: sent = 1001 s a run
2024-03-06 10:41:04.747 :: INFO     :: reply = 1001 s a run~*
2024-03-06 10:41:05.407 :: INFO     :: Updated Intan Folder: C:/Data/raw_data/Max/Max_2024_03_06/Max_2024_03_06_1
2024-03-06 10:41:05.425 :: INFO     :: Updated Filename = Max/Max_2024_03_06/Max_2024_03_06_1/Max_2024_03_06_STIM_%s_6
2024-03-06 10:41:05.453 :: INFO     :: Started Intan Recording
2024-03-06 10:41:05.537 :: INFO     :: Started SAGA recording (Block=6)
2024-03-06 10:41:05.556 :: INFO     :: Begin Stimulation
2024-03-06 10:41:05.660 :: INFO     :: sent = 1001 s t one
2024-03-06 10:41:05.679 :: INFO     :: reply = 1001 s t one~*
2024-03-06 10:41:32.282 :: INFO     :: Stopped Intan
2024-03-06 10:41:32.313 :: INFO     :: Stopped SAGA recording (Block = 6)
2024-03-06 10:41:32.352 :: INFO     :: Stim = 600 uA
2024-03-06 10:41:32.511 :: INFO     :: sent = 1001 s a stop
2024-03-06 10:41:32.528 :: INFO     :: reply = 1001 s a stop~*
2024-03-06 10:41:32.566 :: INFO     :: sent = 1001 s m 0 0 1
2024-03-06 10:41:32.583 :: INFO     :: reply = 1001 s m 0 0 1~*
2024-03-06 10:41:32.631 :: INFO     :: sent = 1001 s m 0 1 6
2024-03-06 10:41:32.650 :: INFO     :: reply = 1001 s m 0 1 6~*
2024-03-06 10:41:32.694 :: INFO     :: sent = 1001 s m 4 0 1
2024-03-06 10:41:32.714 :: INFO     :: reply = 1001 s m 4 0 1~*
2024-03-06 10:41:32.765 :: INFO     :: sent = 1001 s m 7 0
2024-03-06 10:41:32.783 :: INFO     :: reply = 1001 s m 7 0~*
2024-03-06 10:41:32.824 :: INFO     :: sent = 1001 s m 7 4 1
2024-03-06 10:41:32.830 :: INFO     :: reply = 1001 s m 7 4 1~*
2024-03-06 10:41:32.879 :: INFO     :: sent = 1001 s m 7 3 26500000
2024-03-06 10:41:32.897 :: INFO     :: reply = 1001 s m 7 3 26500000~*
2024-03-06 10:41:32.945 :: INFO     :: sent = 1001 s m 7 2 21500000
2024-03-06 10:41:32.960 :: INFO     :: reply = 1001 s m 7 2 21500000~*
2024-03-06 10:41:33.007 :: INFO     :: sent = 1001 s m 10 5 1500000
2024-03-06 10:41:33.025 :: INFO     :: reply = 1001 s m 10 5 1500000~*
2024-03-06 10:41:33.060 :: INFO     :: sent = 1001 s m 10 4 10
2024-03-06 10:41:33.079 :: INFO     :: reply = 1001 s m 10 4 10~*
2024-03-06 10:41:33.123 :: INFO     :: sent = 1001 s m 10 2 2
2024-03-06 10:41:33.143 :: INFO     :: reply = 1001 s m 10 2 2~*
2024-03-06 10:41:33.190 :: INFO     :: sent = 1001 s m 10 6 200
2024-03-06 10:41:33.194 :: INFO     :: reply = 1001 s m 10 6 200~*
2024-03-06 10:41:33.257 :: INFO     :: sent = 1001 s m 11 8 50
2024-03-06 10:41:33.275 :: INFO     :: reply = 1001 s m 11 8 50~*
2024-03-06 10:41:33.322 :: INFO     :: sent = 1001 s m 10 9 800
2024-03-06 10:41:33.325 :: INFO     :: reply = 1001 s m 10 9 800~*
2024-03-06 10:41:33.388 :: INFO     :: sent = 1001 s m 10 7 600
2024-03-06 10:41:33.391 :: INFO     :: reply = 1001 s m 10 7 600~*
2024-03-06 10:41:33.455 :: INFO     :: sent = 1001 s m 10 10 -150
2024-03-06 10:41:33.473 :: INFO     :: reply = 1001 s m 10 10 -150~*
2024-03-06 10:41:33.638 :: INFO     :: sent = 1001 s a run
2024-03-06 10:41:33.653 :: INFO     :: reply = 1001 s a run~*
2024-03-06 10:41:34.312 :: INFO     :: Updated Intan Folder: C:/Data/raw_data/Max/Max_2024_03_06/Max_2024_03_06_1
2024-03-06 10:41:34.316 :: INFO     :: Updated Filename = Max/Max_2024_03_06/Max_2024_03_06_1/Max_2024_03_06_STIM_%s_7
2024-03-06 10:41:34.363 :: INFO     :: Started Intan Recording
2024-03-06 10:41:34.457 :: INFO     :: Started SAGA recording (Block=7)
2024-03-06 10:41:34.476 :: INFO     :: Begin Stimulation
2024-03-06 10:41:34.577 :: INFO     :: sent = 1001 s t one
2024-03-06 10:41:34.596 :: INFO     :: reply = 1001 s t one~*
2024-03-06 10:42:01.206 :: INFO     :: Stopped Intan
2024-03-06 10:42:01.237 :: INFO     :: Stopped SAGA recording (Block = 7)
2024-03-06 10:42:01.371 :: INFO     :: Stim = 1200 uA
2024-03-06 10:42:01.523 :: INFO     :: sent = 1001 s a stop
2024-03-06 10:42:01.541 :: INFO     :: reply = 1001 s a stop~*
2024-03-06 10:42:01.589 :: INFO     :: sent = 1001 s m 0 0 1
2024-03-06 10:42:01.607 :: INFO     :: reply = 1001 s m 0 0 1~*
2024-03-06 10:42:01.651 :: INFO     :: sent = 1001 s m 0 1 6
2024-03-06 10:42:01.670 :: INFO     :: reply = 1001 s m 0 1 6~*
2024-03-06 10:42:01.713 :: INFO     :: sent = 1001 s m 4 0 1
2024-03-06 10:42:01.731 :: INFO     :: reply = 1001 s m 4 0 1~*
2024-03-06 10:42:01.770 :: INFO     :: sent = 1001 s m 7 0
2024-03-06 10:42:01.789 :: INFO     :: reply = 1001 s m 7 0~*
2024-03-06 10:42:01.834 :: INFO     :: sent = 1001 s m 7 4 1
2024-03-06 10:42:01.838 :: INFO     :: reply = 1001 s m 7 4 1~*
2024-03-06 10:42:01.886 :: INFO     :: sent = 1001 s m 7 3 26500000
2024-03-06 10:42:01.904 :: INFO     :: reply = 1001 s m 7 3 26500000~*
2024-03-06 10:42:01.952 :: INFO     :: sent = 1001 s m 7 2 21500000
2024-03-06 10:42:01.968 :: INFO     :: reply = 1001 s m 7 2 21500000~*
2024-03-06 10:42:02.016 :: INFO     :: sent = 1001 s m 10 5 1500000
2024-03-06 10:42:02.034 :: INFO     :: reply = 1001 s m 10 5 1500000~*
2024-03-06 10:42:02.085 :: INFO     :: sent = 1001 s m 10 4 10
2024-03-06 10:42:02.100 :: INFO     :: reply = 1001 s m 10 4 10~*
2024-03-06 10:42:02.152 :: INFO     :: sent = 1001 s m 10 2 2
2024-03-06 10:42:02.172 :: INFO     :: reply = 1001 s m 10 2 2~*
2024-03-06 10:42:02.223 :: INFO     :: sent = 1001 s m 10 6 200
2024-03-06 10:42:02.242 :: INFO     :: reply = 1001 s m 10 6 200~*
2024-03-06 10:42:02.284 :: INFO     :: sent = 1001 s m 11 8 50
2024-03-06 10:42:02.304 :: INFO     :: reply = 1001 s m 11 8 50~*
2024-03-06 10:42:02.348 :: INFO     :: sent = 1001 s m 10 9 800
2024-03-06 10:42:02.366 :: INFO     :: reply = 1001 s m 10 9 800~*
2024-03-06 10:42:02.414 :: INFO     :: sent = 1001 s m 10 7 1200
2024-03-06 10:42:02.433 :: INFO     :: reply = 1001 s m 10 7 1200~*
2024-03-06 10:42:02.480 :: INFO     :: sent = 1001 s m 10 10 -300
2024-03-06 10:42:02.496 :: INFO     :: reply = 1001 s m 10 10 -300~*
2024-03-06 10:42:02.678 :: INFO     :: sent = 1001 s a run
2024-03-06 10:42:02.694 :: INFO     :: reply = 1001 s a run~*
2024-03-06 10:42:03.353 :: INFO     :: Updated Intan Folder: C:/Data/raw_data/Max/Max_2024_03_06/Max_2024_03_06_1
2024-03-06 10:42:03.357 :: INFO     :: Updated Filename = Max/Max_2024_03_06/Max_2024_03_06_1/Max_2024_03_06_STIM_%s_8
2024-03-06 10:42:03.404 :: INFO     :: Started Intan Recording
2024-03-06 10:42:03.501 :: INFO     :: Started SAGA recording (Block=8)
2024-03-06 10:42:03.519 :: INFO     :: Begin Stimulation
2024-03-06 10:42:03.631 :: INFO     :: sent = 1001 s t one
2024-03-06 10:42:03.654 :: INFO     :: reply = 1001 s t one~*
2024-03-06 10:42:30.259 :: INFO     :: Stopped Intan
2024-03-06 10:42:30.289 :: INFO     :: Stopped SAGA recording (Block = 8)
2024-03-06 10:42:30.333 :: INFO     :: Stim = 200 uA
2024-03-06 10:42:30.495 :: INFO     :: sent = 1001 s a stop
2024-03-06 10:42:30.514 :: INFO     :: reply = 1001 s a stop~*
2024-03-06 10:42:30.563 :: INFO     :: sent = 1001 s m 0 0 1
2024-03-06 10:42:30.582 :: INFO     :: reply = 1001 s m 0 0 1~*
2024-03-06 10:42:30.625 :: INFO     :: sent = 1001 s m 0 1 6
2024-03-06 10:42:30.644 :: INFO     :: reply = 1001 s m 0 1 6~*
2024-03-06 10:42:30.686 :: INFO     :: sent = 1001 s m 4 0 1
2024-03-06 10:42:30.706 :: INFO     :: reply = 1001 s m 4 0 1~*
2024-03-06 10:42:30.746 :: INFO     :: sent = 1001 s m 7 0
2024-03-06 10:42:30.765 :: INFO     :: reply = 1001 s m 7 0~*
2024-03-06 10:42:30.811 :: INFO     :: sent = 1001 s m 7 4 1
2024-03-06 10:42:30.830 :: INFO     :: reply = 1001 s m 7 4 1~*
2024-03-06 10:42:30.874 :: INFO     :: sent = 1001 s m 7 3 26500000
2024-03-06 10:42:30.878 :: INFO     :: reply = 1001 s m 7 3 26500000~*
2024-03-06 10:42:30.941 :: INFO     :: sent = 1001 s m 7 2 21500000
2024-03-06 10:42:30.960 :: INFO     :: reply = 1001 s m 7 2 21500000~*
2024-03-06 10:42:31.005 :: INFO     :: sent = 1001 s m 10 5 1500000
2024-03-06 10:42:31.022 :: INFO     :: reply = 1001 s m 10 5 1500000~*
2024-03-06 10:42:31.065 :: INFO     :: sent = 1001 s m 10 4 10
2024-03-06 10:42:31.076 :: INFO     :: reply = 1001 s m 10 4 10~*
2024-03-06 10:42:31.123 :: INFO     :: sent = 1001 s m 10 2 2
2024-03-06 10:42:31.139 :: INFO     :: reply = 1001 s m 10 2 2~*
2024-03-06 10:42:31.186 :: INFO     :: sent = 1001 s m 10 6 200
2024-03-06 10:42:31.204 :: INFO     :: reply = 1001 s m 10 6 200~*
2024-03-06 10:42:31.239 :: INFO     :: sent = 1001 s m 11 8 50
2024-03-06 10:42:31.258 :: INFO     :: reply = 1001 s m 11 8 50~*
2024-03-06 10:42:31.303 :: INFO     :: sent = 1001 s m 10 9 800
2024-03-06 10:42:31.307 :: INFO     :: reply = 1001 s m 10 9 800~*
2024-03-06 10:42:31.370 :: INFO     :: sent = 1001 s m 10 7 200
2024-03-06 10:42:31.390 :: INFO     :: reply = 1001 s m 10 7 200~*
2024-03-06 10:42:31.438 :: INFO     :: sent = 1001 s m 10 10 -50
2024-03-06 10:42:31.458 :: INFO     :: reply = 1001 s m 10 10 -50~*
2024-03-06 10:42:31.632 :: INFO     :: sent = 1001 s a run
2024-03-06 10:42:31.651 :: INFO     :: reply = 1001 s a run~*
2024-03-06 10:42:32.292 :: INFO     :: Updated Intan Folder: C:/Data/raw_data/Max/Max_2024_03_06/Max_2024_03_06_1
2024-03-06 10:42:32.310 :: INFO     :: Updated Filename = Max/Max_2024_03_06/Max_2024_03_06_1/Max_2024_03_06_STIM_%s_9
2024-03-06 10:42:32.347 :: INFO     :: Started Intan Recording
2024-03-06 10:42:32.444 :: INFO     :: Started SAGA recording (Block=9)
2024-03-06 10:42:32.463 :: INFO     :: Begin Stimulation
2024-03-06 10:42:32.574 :: INFO     :: sent = 1001 s t one
2024-03-06 10:42:32.593 :: INFO     :: reply = 1001 s t one~*
2024-03-06 10:42:59.205 :: INFO     :: Stopped Intan
2024-03-06 10:42:59.235 :: INFO     :: Stopped SAGA recording (Block = 9)
2024-03-06 10:42:59.280 :: INFO     :: Stim = 1400 uA
2024-03-06 10:42:59.450 :: INFO     :: sent = 1001 s a stop
2024-03-06 10:42:59.470 :: INFO     :: reply = 1001 s a stop~*
2024-03-06 10:42:59.512 :: INFO     :: sent = 1001 s m 0 0 1
2024-03-06 10:42:59.524 :: INFO     :: reply = 1001 s m 0 0 1~*
2024-03-06 10:42:59.586 :: INFO     :: sent = 1001 s m 0 1 6
2024-03-06 10:42:59.607 :: INFO     :: reply = 1001 s m 0 1 6~*
2024-03-06 10:42:59.650 :: INFO     :: sent = 1001 s m 4 0 1
2024-03-06 10:42:59.672 :: INFO     :: reply = 1001 s m 4 0 1~*
2024-03-06 10:42:59.719 :: INFO     :: sent = 1001 s m 7 0
2024-03-06 10:42:59.735 :: INFO     :: reply = 1001 s m 7 0~*
2024-03-06 10:42:59.785 :: INFO     :: sent = 1001 s m 7 4 1
2024-03-06 10:42:59.804 :: INFO     :: reply = 1001 s m 7 4 1~*
2024-03-06 10:42:59.848 :: INFO     :: sent = 1001 s m 7 3 26500000
2024-03-06 10:42:59.852 :: INFO     :: reply = 1001 s m 7 3 26500000~*
2024-03-06 10:42:59.915 :: INFO     :: sent = 1001 s m 7 2 21500000
2024-03-06 10:42:59.919 :: INFO     :: reply = 1001 s m 7 2 21500000~*
2024-03-06 10:42:59.983 :: INFO     :: sent = 1001 s m 10 5 1500000
2024-03-06 10:43:00.003 :: INFO     :: reply = 1001 s m 10 5 1500000~*
2024-03-06 10:43:00.047 :: INFO     :: sent = 1001 s m 10 4 10
2024-03-06 10:43:00.051 :: INFO     :: reply = 1001 s m 10 4 10~*
2024-03-06 10:43:00.114 :: INFO     :: sent = 1001 s m 10 2 2
2024-03-06 10:43:00.132 :: INFO     :: reply = 1001 s m 10 2 2~*
2024-03-06 10:43:00.179 :: INFO     :: sent = 1001 s m 10 6 200
2024-03-06 10:43:00.198 :: INFO     :: reply = 1001 s m 10 6 200~*
2024-03-06 10:43:00.241 :: INFO     :: sent = 1001 s m 11 8 50
2024-03-06 10:43:00.249 :: INFO     :: reply = 1001 s m 11 8 50~*
2024-03-06 10:43:00.297 :: INFO     :: sent = 1001 s m 10 9 800
2024-03-06 10:43:00.315 :: INFO     :: reply = 1001 s m 10 9 800~*
2024-03-06 10:43:00.363 :: INFO     :: sent = 1001 s m 10 7 1400
2024-03-06 10:43:00.378 :: INFO     :: reply = 1001 s m 10 7 1400~*
2024-03-06 10:43:00.425 :: INFO     :: sent = 1001 s m 10 10 -350
2024-03-06 10:43:00.444 :: INFO     :: reply = 1001 s m 10 10 -350~*
2024-03-06 10:43:00.612 :: INFO     :: sent = 1001 s a run
2024-03-06 10:43:00.632 :: INFO     :: reply = 1001 s a run~*
2024-03-06 10:43:01.283 :: INFO     :: Updated Intan Folder: C:/Data/raw_data/Max/Max_2024_03_06/Max_2024_03_06_1
2024-03-06 10:43:01.302 :: INFO     :: Updated Filename = Max/Max_2024_03_06/Max_2024_03_06_1/Max_2024_03_06_STIM_%s_10
2024-03-06 10:43:01.321 :: INFO     :: Started Intan Recording
2024-03-06 10:43:01.413 :: INFO     :: Started SAGA recording (Block=10)
2024-03-06 10:43:01.433 :: INFO     :: Begin Stimulation
2024-03-06 10:43:01.554 :: INFO     :: sent = 1001 s t one
2024-03-06 10:43:01.574 :: INFO     :: reply = 1001 s t one~*
2024-03-06 10:43:28.166 :: INFO     :: Stopped Intan
2024-03-06 10:43:28.196 :: INFO     :: Stopped SAGA recording (Block = 10)
2024-03-06 10:43:28.218 :: INFO     :: Stim = 1800 uA
2024-03-06 10:43:28.380 :: INFO     :: sent = 1001 s a stop
2024-03-06 10:43:28.399 :: INFO     :: reply = 1001 s a stop~*
2024-03-06 10:43:28.455 :: INFO     :: sent = 1001 s m 0 0 1
2024-03-06 10:43:28.464 :: INFO     :: reply = 1001 s m 0 0 1~*
2024-03-06 10:43:28.528 :: INFO     :: sent = 1001 s m 0 1 6
2024-03-06 10:43:28.551 :: INFO     :: reply = 1001 s m 0 1 6~*
2024-03-06 10:43:28.593 :: INFO     :: sent = 1001 s m 4 0 1
2024-03-06 10:43:28.619 :: INFO     :: reply = 1001 s m 4 0 1~*
2024-03-06 10:43:28.670 :: INFO     :: sent = 1001 s m 7 0
2024-03-06 10:43:28.694 :: INFO     :: reply = 1001 s m 7 0~*
2024-03-06 10:43:28.744 :: INFO     :: sent = 1001 s m 7 4 1
2024-03-06 10:43:28.765 :: INFO     :: reply = 1001 s m 7 4 1~*
2024-03-06 10:43:28.806 :: INFO     :: sent = 1001 s m 7 3 26500000
2024-03-06 10:43:28.827 :: INFO     :: reply = 1001 s m 7 3 26500000~*
2024-03-06 10:43:28.876 :: INFO     :: sent = 1001 s m 7 2 21500000
2024-03-06 10:43:28.897 :: INFO     :: reply = 1001 s m 7 2 21500000~*
2024-03-06 10:43:28.944 :: INFO     :: sent = 1001 s m 10 5 1500000
2024-03-06 10:43:28.963 :: INFO     :: reply = 1001 s m 10 5 1500000~*
2024-03-06 10:43:29.006 :: INFO     :: sent = 1001 s m 10 4 10
2024-03-06 10:43:29.025 :: INFO     :: reply = 1001 s m 10 4 10~*
2024-03-06 10:43:29.068 :: INFO     :: sent = 1001 s m 10 2 2
2024-03-06 10:43:29.087 :: INFO     :: reply = 1001 s m 10 2 2~*
2024-03-06 10:43:29.123 :: INFO     :: sent = 1001 s m 10 6 200
2024-03-06 10:43:29.138 :: INFO     :: reply = 1001 s m 10 6 200~*
2024-03-06 10:43:29.186 :: INFO     :: sent = 1001 s m 11 8 50
2024-03-06 10:43:29.205 :: INFO     :: reply = 1001 s m 11 8 50~*
2024-03-06 10:43:29.247 :: INFO     :: sent = 1001 s m 10 9 800
2024-03-06 10:43:29.256 :: INFO     :: reply = 1001 s m 10 9 800~*
2024-03-06 10:43:29.304 :: INFO     :: sent = 1001 s m 10 7 1800
2024-03-06 10:43:29.323 :: INFO     :: reply = 1001 s m 10 7 1800~*
2024-03-06 10:43:29.371 :: INFO     :: sent = 1001 s m 10 10 -450
2024-03-06 10:43:29.387 :: INFO     :: reply = 1001 s m 10 10 -450~*
2024-03-06 10:43:29.565 :: INFO     :: sent = 1001 s a run
2024-03-06 10:43:29.584 :: INFO     :: reply = 1001 s a run~*
2024-03-06 10:43:30.239 :: INFO     :: Updated Intan Folder: C:/Data/raw_data/Max/Max_2024_03_06/Max_2024_03_06_1
2024-03-06 10:43:30.258 :: INFO     :: Updated Filename = Max/Max_2024_03_06/Max_2024_03_06_1/Max_2024_03_06_STIM_%s_11
2024-03-06 10:43:30.285 :: INFO     :: Started Intan Recording
2024-03-06 10:43:30.375 :: INFO     :: Started SAGA recording (Block=11)
2024-03-06 10:43:30.395 :: INFO     :: Begin Stimulation
2024-03-06 10:43:30.507 :: INFO     :: sent = 1001 s t one
2024-03-06 10:43:30.526 :: INFO     :: reply = 1001 s t one~*
2024-03-06 10:43:57.124 :: INFO     :: Stopped Intan
2024-03-06 10:43:57.158 :: INFO     :: Stopped SAGA recording (Block = 11)
2024-03-06 10:43:57.180 :: INFO     :: Stim = 2000 uA
2024-03-06 10:43:57.338 :: INFO     :: sent = 1001 s a stop
2024-03-06 10:43:57.359 :: INFO     :: reply = 1001 s a stop~*
2024-03-06 10:43:57.400 :: INFO     :: sent = 1001 s m 0 0 1
2024-03-06 10:43:57.420 :: INFO     :: reply = 1001 s m 0 0 1~*
2024-03-06 10:43:57.459 :: INFO     :: sent = 1001 s m 0 1 6
2024-03-06 10:43:57.479 :: INFO     :: reply = 1001 s m 0 1 6~*
2024-03-06 10:43:57.522 :: INFO     :: sent = 1001 s m 4 0 1
2024-03-06 10:43:57.538 :: INFO     :: reply = 1001 s m 4 0 1~*
2024-03-06 10:43:57.586 :: INFO     :: sent = 1001 s m 7 0
2024-03-06 10:43:57.606 :: INFO     :: reply = 1001 s m 7 0~*
2024-03-06 10:43:57.646 :: INFO     :: sent = 1001 s m 7 4 1
2024-03-06 10:43:57.665 :: INFO     :: reply = 1001 s m 7 4 1~*
2024-03-06 10:43:57.718 :: INFO     :: sent = 1001 s m 7 3 26500000
2024-03-06 10:43:57.734 :: INFO     :: reply = 1001 s m 7 3 26500000~*
2024-03-06 10:43:57.781 :: INFO     :: sent = 1001 s m 7 2 21500000
2024-03-06 10:43:57.800 :: INFO     :: reply = 1001 s m 7 2 21500000~*
2024-03-06 10:43:57.850 :: INFO     :: sent = 1001 s m 10 5 1500000
2024-03-06 10:43:57.869 :: INFO     :: reply = 1001 s m 10 5 1500000~*
2024-03-06 10:43:57.916 :: INFO     :: sent = 1001 s m 10 4 10
2024-03-06 10:43:57.932 :: INFO     :: reply = 1001 s m 10 4 10~*
2024-03-06 10:43:57.980 :: INFO     :: sent = 1001 s m 10 2 2
2024-03-06 10:43:57.999 :: INFO     :: reply = 1001 s m 10 2 2~*
2024-03-06 10:43:58.047 :: INFO     :: sent = 1001 s m 10 6 200
2024-03-06 10:43:58.066 :: INFO     :: reply = 1001 s m 10 6 200~*
2024-03-06 10:43:58.114 :: INFO     :: sent = 1001 s m 11 8 50
2024-03-06 10:43:58.132 :: INFO     :: reply = 1001 s m 11 8 50~*
2024-03-06 10:43:58.179 :: INFO     :: sent = 1001 s m 10 9 800
2024-03-06 10:43:58.197 :: INFO     :: reply = 1001 s m 10 9 800~*
2024-03-06 10:43:58.246 :: INFO     :: sent = 1001 s m 10 7 2000
2024-03-06 10:43:58.264 :: INFO     :: reply = 1001 s m 10 7 2000~*
2024-03-06 10:43:58.308 :: INFO     :: sent = 1001 s m 10 10 -500
2024-03-06 10:43:58.327 :: INFO     :: reply = 1001 s m 10 10 -500~*
2024-03-06 10:43:58.489 :: INFO     :: sent = 1001 s a run
2024-03-06 10:43:58.494 :: INFO     :: reply = 1001 s a run~*
2024-03-06 10:43:59.169 :: INFO     :: Updated Intan Folder: C:/Data/raw_data/Max/Max_2024_03_06/Max_2024_03_06_1
2024-03-06 10:43:59.188 :: INFO     :: Updated Filename = Max/Max_2024_03_06/Max_2024_03_06_1/Max_2024_03_06_STIM_%s_12
2024-03-06 10:43:59.215 :: INFO     :: Started Intan Recording
2024-03-06 10:43:59.301 :: INFO     :: Started SAGA recording (Block=12)
2024-03-06 10:43:59.321 :: INFO     :: Begin Stimulation
2024-03-06 10:43:59.431 :: INFO     :: sent = 1001 s t one
2024-03-06 10:43:59.451 :: INFO     :: reply = 1001 s t one~*
2024-03-06 10:44:26.064 :: INFO     :: Stopped Intan
2024-03-06 10:44:26.094 :: INFO     :: Stopped SAGA recording (Block = 12)
