2024-03-05 16:28:46.118 :: INFO     :: Updated Filename = Max/Max_2024_03_05_STIM_%s_0
2024-03-05 16:28:46.169 :: INFO     :: Model 4100 Ready for commands
2024-03-05 16:28:46.337 :: INFO     :: sent = 1001 s a stop
2024-03-05 16:28:46.352 :: INFO     :: reply = 1001 s a stop~*
2024-03-05 16:28:46.384 :: INFO     :: Send= get rev 

2024-03-05 16:28:46.415 :: INFO     :: Reply= get rev
M3,F2
*
 

2024-03-05 16:28:46.463 :: INFO     :: sent = get active
2024-03-05 16:28:46.479 :: INFO     :: reply = get active~Ready low output~*
2024-03-05 16:28:46.538 :: INFO     :: sent = g n
2024-03-05 16:28:46.553 :: INFO     :: reply = g n~192.168.88.150~255.255.255.0~192.168.88.1~*
2024-03-05 16:28:46.602 :: INFO     :: sent = g r
2024-03-05 16:28:46.619 :: INFO     :: reply = g r~M3,F2~*
2024-03-05 16:28:46.670 :: INFO     :: sent = 1001 s m 0 0 1
2024-03-05 16:28:46.685 :: INFO     :: reply = 1001 s m 0 0 1~*
2024-03-05 16:28:46.717 :: INFO     :: sent = 1001 s m 0 1 6
2024-03-05 16:28:46.732 :: INFO     :: reply = 1001 s m 0 1 6~*
2024-03-05 16:28:46.779 :: INFO     :: sent = 1001 s m 4 0 1
2024-03-05 16:28:46.795 :: INFO     :: reply = 1001 s m 4 0 1~*
2024-03-05 16:28:46.826 :: INFO     :: sent = 1001 s m 7 0
2024-03-05 16:28:46.842 :: INFO     :: reply = 1001 s m 7 0~*
2024-03-05 16:28:46.873 :: INFO     :: sent = 1001 s m 7 4 1
2024-03-05 16:28:46.888 :: INFO     :: reply = 1001 s m 7 4 1~*
2024-03-05 16:28:46.935 :: INFO     :: sent = 1001 s m 7 3 20000000
2024-03-05 16:28:46.951 :: INFO     :: reply = 1001 s m 7 3 20000000~*
2024-03-05 16:28:46.999 :: INFO     :: sent = 1001 s m 7 2 17500000
2024-03-05 16:28:47.015 :: INFO     :: reply = 1001 s m 7 2 17500000~*
2024-03-05 16:28:47.070 :: INFO     :: sent = 1001 s m 11 5 1500000
2024-03-05 16:28:47.086 :: INFO     :: reply = 1001 s m 11 5 1500000~*
2024-03-05 16:28:47.133 :: INFO     :: sent = 1001 s m 11 4 10
2024-03-05 16:28:47.149 :: INFO     :: reply = 1001 s m 11 4 10~*
2024-03-05 16:28:47.197 :: INFO     :: sent = 1001 s m 11 2 2
2024-03-05 16:28:47.212 :: INFO     :: reply = 1001 s m 11 2 2~*
2024-03-05 16:28:47.253 :: INFO     :: sent = 1001 s m 11 6 150
2024-03-05 16:28:47.269 :: INFO     :: reply = 1001 s m 11 6 150~*
2024-03-05 16:28:47.316 :: INFO     :: sent = 1001 s m 11 8 50
2024-03-05 16:28:47.332 :: INFO     :: reply = 1001 s m 11 8 50~*
2024-03-05 16:28:47.378 :: INFO     :: sent = 1001 s m 11 9 600
2024-03-05 16:28:47.394 :: INFO     :: reply = 1001 s m 11 9 600~*
2024-03-05 16:28:47.441 :: INFO     :: sent = 1001 s m 11 7 1000
2024-03-05 16:28:47.456 :: INFO     :: reply = 1001 s m 11 7 1000~*
2024-03-05 16:28:47.488 :: INFO     :: sent = 1001 s m 11 10 -250
2024-03-05 16:28:47.503 :: INFO     :: reply = 1001 s m 11 10 -250~*
2024-03-05 16:28:47.681 :: INFO     :: sent = 1001 s a run
2024-03-05 16:28:47.696 :: INFO     :: reply = 1001 s a run~*
2024-03-05 16:28:47.712 :: INFO     :: Measured Impedances (Block = 0)
2024-03-05 16:31:12.816 :: INFO     :: Updated Filename = Max/Max_2024_03_05_STIM_%s_0
2024-03-05 16:31:12.847 :: INFO     :: Model 4100 Ready for commands
2024-03-05 16:31:13.020 :: INFO     :: sent = 1001 s a stop
2024-03-05 16:31:13.035 :: INFO     :: reply = 1001 s a stop~*
2024-03-05 16:31:13.067 :: INFO     :: Send= get rev 

2024-03-05 16:31:13.098 :: INFO     :: Reply= get rev
M3,F2
*
 

2024-03-05 16:31:13.137 :: INFO     :: sent = get active
2024-03-05 16:31:13.153 :: INFO     :: reply = get active~Ready low output~*
2024-03-05 16:31:13.184 :: INFO     :: sent = g n
2024-03-05 16:31:13.200 :: INFO     :: reply = g n~192.168.88.150~255.255.255.0~192.168.88.1~*
2024-03-05 16:31:13.231 :: INFO     :: sent = g r
2024-03-05 16:31:13.246 :: INFO     :: reply = g r~M3,F2~*
2024-03-05 16:31:13.294 :: INFO     :: sent = 1001 s m 0 0 1
2024-03-05 16:31:13.309 :: INFO     :: reply = 1001 s m 0 0 1~*
2024-03-05 16:31:13.356 :: INFO     :: sent = 1001 s m 0 1 6
2024-03-05 16:31:13.372 :: INFO     :: reply = 1001 s m 0 1 6~*
2024-03-05 16:31:13.419 :: INFO     :: sent = 1001 s m 4 0 1
2024-03-05 16:31:13.434 :: INFO     :: reply = 1001 s m 4 0 1~*
2024-03-05 16:31:13.481 :: INFO     :: sent = 1001 s m 7 0
2024-03-05 16:31:13.497 :: INFO     :: reply = 1001 s m 7 0~*
2024-03-05 16:31:13.545 :: INFO     :: sent = 1001 s m 7 4 1
2024-03-05 16:31:13.556 :: INFO     :: reply = 1001 s m 7 4 1~*
2024-03-05 16:31:13.604 :: INFO     :: sent = 1001 s m 7 3 20000000
2024-03-05 16:31:13.620 :: INFO     :: reply = 1001 s m 7 3 20000000~*
2024-03-05 16:31:13.672 :: INFO     :: sent = 1001 s m 7 2 17500000
2024-03-05 16:31:13.687 :: INFO     :: reply = 1001 s m 7 2 17500000~*
2024-03-05 16:31:13.734 :: INFO     :: sent = 1001 s m 11 5 1500000
2024-03-05 16:31:13.750 :: INFO     :: reply = 1001 s m 11 5 1500000~*
2024-03-05 16:31:13.797 :: INFO     :: sent = 1001 s m 11 4 10
2024-03-05 16:31:13.812 :: INFO     :: reply = 1001 s m 11 4 10~*
2024-03-05 16:31:13.859 :: INFO     :: sent = 1001 s m 11 2 2
2024-03-05 16:31:13.875 :: INFO     :: reply = 1001 s m 11 2 2~*
2024-03-05 16:31:13.922 :: INFO     :: sent = 1001 s m 11 6 150
2024-03-05 16:31:13.937 :: INFO     :: reply = 1001 s m 11 6 150~*
2024-03-05 16:31:13.984 :: INFO     :: sent = 1001 s m 11 8 50
2024-03-05 16:31:14.000 :: INFO     :: reply = 1001 s m 11 8 50~*
2024-03-05 16:31:14.047 :: INFO     :: sent = 1001 s m 11 9 600
2024-03-05 16:31:14.062 :: INFO     :: reply = 1001 s m 11 9 600~*
2024-03-05 16:31:14.109 :: INFO     :: sent = 1001 s m 11 7 1000
2024-03-05 16:31:14.125 :: INFO     :: reply = 1001 s m 11 7 1000~*
2024-03-05 16:31:14.172 :: INFO     :: sent = 1001 s m 11 10 -250
2024-03-05 16:31:14.188 :: INFO     :: reply = 1001 s m 11 10 -250~*
2024-03-05 16:31:14.344 :: INFO     :: sent = 1001 s a run
2024-03-05 16:31:14.360 :: INFO     :: reply = 1001 s a run~*
2024-03-05 16:31:14.375 :: INFO     :: Measured Impedances (Block = 0)
2024-03-05 16:31:37.198 :: INFO     :: Recording = Max/Max_2024_03_05_STIM_%s_0
2024-03-05 16:31:37.215 :: INFO     :: Begin Stimulation
2024-03-05 16:31:37.258 :: INFO     :: sent = 1001 s t one
2024-03-05 16:31:37.274 :: INFO     :: reply = 1001 s t one~*
2024-03-05 16:31:57.328 :: INFO     :: Stopped SAGAs (Block = 0)
2024-03-05 17:01:00.138 :: INFO     :: Recording = Max/Max_2024_03_05/Max_2024_03_05_STIM_%s_1
2024-03-05 17:01:00.172 :: INFO     :: Begin Stimulation
2024-03-05 17:01:00.229 :: INFO     :: sent = 1001 s t one
2024-03-05 17:01:00.244 :: INFO     :: reply = 1001 s t one~*
2024-03-05 17:01:20.273 :: INFO     :: Stopped SAGAs (Block = 1)
2024-03-05 17:01:32.841 :: INFO     :: Recording = Max/Max_2024_03_05/Max_2024_03_05_STIM_%s_2
2024-03-05 17:01:32.858 :: INFO     :: Begin Stimulation
2024-03-05 17:01:32.904 :: INFO     :: sent = 1001 s t one
2024-03-05 17:01:32.921 :: INFO     :: reply = 1001 s t one~*
2024-03-05 17:01:52.959 :: INFO     :: Stopped SAGAs (Block = 2)
2024-03-05 17:44:34.508 :: INFO     :: Updated Filename = Max/Max_2024_03_05/Max_2024_03_05_STIM_%s_0
2024-03-05 17:44:34.588 :: INFO     :: Model 4100 Ready for commands
2024-03-05 17:44:34.787 :: INFO     :: sent = 1001 s a stop
2024-03-05 17:44:34.812 :: INFO     :: reply = 1001 s a stop~*
2024-03-05 17:44:34.843 :: INFO     :: Send= get rev 

2024-03-05 17:44:34.887 :: INFO     :: Reply= get rev
M3,F2
*
 

2024-03-05 17:44:34.934 :: INFO     :: sent = get active
2024-03-05 17:44:34.950 :: INFO     :: reply = get active~Ready low output~*
2024-03-05 17:44:35.000 :: INFO     :: sent = g n
2024-03-05 17:44:35.017 :: INFO     :: reply = g n~192.168.88.150~255.255.255.0~192.168.88.1~*
2024-03-05 17:44:35.055 :: INFO     :: sent = g r
2024-03-05 17:44:35.071 :: INFO     :: reply = g r~M3,F2~*
2024-03-05 17:44:35.133 :: INFO     :: sent = 1001 s m 0 0 1
2024-03-05 17:44:35.149 :: INFO     :: reply = 1001 s m 0 0 1~*
2024-03-05 17:44:35.193 :: INFO     :: sent = 1001 s m 0 1 6
2024-03-05 17:44:35.209 :: INFO     :: reply = 1001 s m 0 1 6~*
2024-03-05 17:44:35.253 :: INFO     :: sent = 1001 s m 4 0 1
2024-03-05 17:44:35.269 :: INFO     :: reply = 1001 s m 4 0 1~*
2024-03-05 17:44:35.315 :: INFO     :: sent = 1001 s m 7 0
2024-03-05 17:44:35.331 :: INFO     :: reply = 1001 s m 7 0~*
2024-03-05 17:44:35.376 :: INFO     :: sent = 1001 s m 7 4 1
2024-03-05 17:44:35.393 :: INFO     :: reply = 1001 s m 7 4 1~*
2024-03-05 17:44:35.438 :: INFO     :: sent = 1001 s m 7 3 20000000
2024-03-05 17:44:35.454 :: INFO     :: reply = 1001 s m 7 3 20000000~*
2024-03-05 17:44:35.500 :: INFO     :: sent = 1001 s m 7 2 17500000
2024-03-05 17:44:35.516 :: INFO     :: reply = 1001 s m 7 2 17500000~*
2024-03-05 17:44:35.561 :: INFO     :: sent = 1001 s m 11 5 1500000
2024-03-05 17:44:35.577 :: INFO     :: reply = 1001 s m 11 5 1500000~*
2024-03-05 17:44:35.622 :: INFO     :: sent = 1001 s m 11 4 10
2024-03-05 17:44:35.638 :: INFO     :: reply = 1001 s m 11 4 10~*
2024-03-05 17:44:35.683 :: INFO     :: sent = 1001 s m 11 2 2
2024-03-05 17:44:35.699 :: INFO     :: reply = 1001 s m 11 2 2~*
2024-03-05 17:44:35.745 :: INFO     :: sent = 1001 s m 11 6 150
2024-03-05 17:44:35.761 :: INFO     :: reply = 1001 s m 11 6 150~*
2024-03-05 17:44:35.807 :: INFO     :: sent = 1001 s m 11 8 50
2024-03-05 17:44:35.823 :: INFO     :: reply = 1001 s m 11 8 50~*
2024-03-05 17:44:35.869 :: INFO     :: sent = 1001 s m 11 9 600
2024-03-05 17:44:35.885 :: INFO     :: reply = 1001 s m 11 9 600~*
2024-03-05 17:44:35.929 :: INFO     :: sent = 1001 s m 11 7 1000
2024-03-05 17:44:35.945 :: INFO     :: reply = 1001 s m 11 7 1000~*
2024-03-05 17:44:35.992 :: INFO     :: sent = 1001 s m 11 10 -250
2024-03-05 17:44:36.008 :: INFO     :: reply = 1001 s m 11 10 -250~*
2024-03-05 17:44:36.174 :: INFO     :: sent = 1001 s a run
2024-03-05 17:44:36.191 :: INFO     :: reply = 1001 s a run~*
2024-03-05 17:44:36.221 :: INFO     :: Started Intan Recording
2024-03-05 17:44:36.406 :: INFO     :: Started SAGA recording (Max/Max_2024_03_05/Max_2024_03_05_STIM_%s_0)
2024-03-05 17:44:36.422 :: INFO     :: Begin Stimulation
2024-03-05 17:44:36.467 :: INFO     :: sent = 1001 s t one
2024-03-05 17:44:36.483 :: INFO     :: reply = 1001 s t one~*
2024-03-05 17:44:56.546 :: INFO     :: Stopped SAGA recording (Block = 0)
2024-03-05 17:44:56.575 :: INFO     :: Stopped Intan
2024-03-05 18:30:51.140 :: INFO     :: Updated Filename = Max/Max_2024_03_05/Max_2024_03_05_STIM_%s_0
2024-03-05 18:30:51.217 :: INFO     :: Model 4100 Ready for commands
2024-03-05 18:30:51.398 :: INFO     :: sent = 1001 s a stop
2024-03-05 18:30:51.414 :: INFO     :: reply = 1001 s a stop~*
2024-03-05 18:30:51.463 :: INFO     :: Send= get rev 

2024-03-05 18:30:51.512 :: INFO     :: Reply= get rev
M3,F2
*
 

2024-03-05 18:30:51.562 :: INFO     :: sent = get active
2024-03-05 18:30:51.578 :: INFO     :: reply = get active~Ready low output~*
2024-03-05 18:30:51.627 :: INFO     :: sent = g n
2024-03-05 18:30:51.655 :: INFO     :: reply = g n~192.168.88.150~255.255.255.0~192.168.88.1~*
2024-03-05 18:30:51.691 :: INFO     :: sent = g r
2024-03-05 18:30:51.695 :: INFO     :: reply = g r~M3,F2~*
2024-03-05 18:31:46.931 :: INFO     :: IntensityOrder =  240, 1200,  960, 1080,  120,  600,  840,  720,  360,  480
2024-03-05 18:31:46.947 :: INFO     :: Stim = 240 uA
2024-03-05 18:32:15.014 :: INFO     :: IntensityOrder =  240, 1200,  480,  600,  360,  960,  840,  120,  720, 1080
2024-03-05 18:32:15.020 :: INFO     :: Stim = 240 uA
2024-03-05 18:32:15.085 :: INFO     :: sent = 1001 s m 0 0 1
2024-03-05 18:32:15.087 :: INFO     :: reply = 1001 s m 0 0 1~*
2024-03-05 18:32:15.137 :: INFO     :: sent = 1001 s m 0 1 6
2024-03-05 18:32:15.156 :: INFO     :: reply = 1001 s m 0 1 6~*
2024-03-05 18:32:15.201 :: INFO     :: sent = 1001 s m 4 0 1
2024-03-05 18:32:15.217 :: INFO     :: reply = 1001 s m 4 0 1~*
2024-03-05 18:32:15.261 :: INFO     :: sent = 1001 s m 7 0
2024-03-05 18:32:15.277 :: INFO     :: reply = 1001 s m 7 0~*
2024-03-05 18:32:15.315 :: INFO     :: sent = 1001 s m 7 4 1
2024-03-05 18:32:15.332 :: INFO     :: reply = 1001 s m 7 4 1~*
2024-03-05 18:32:15.383 :: INFO     :: sent = 1001 s m 7 3 25000000
2024-03-05 18:32:15.399 :: INFO     :: reply = 1001 s m 7 3 25000000~*
2024-03-05 18:32:15.448 :: INFO     :: sent = 1001 s m 7 2 20000000
2024-03-05 18:32:15.467 :: INFO     :: reply = 1001 s m 7 2 20000000~*
2024-03-05 18:32:15.509 :: INFO     :: sent = 1001 s m 11 5 1500000
2024-03-05 18:32:15.525 :: INFO     :: reply = 1001 s m 11 5 1500000~*
2024-03-05 18:32:15.581 :: INFO     :: sent = 1001 s m 11 4 10
2024-03-05 18:32:15.597 :: INFO     :: reply = 1001 s m 11 4 10~*
2024-03-05 18:32:15.642 :: INFO     :: sent = 1001 s m 11 2 2
2024-03-05 18:32:15.647 :: INFO     :: reply = 1001 s m 11 2 2~*
2024-03-05 18:32:15.695 :: INFO     :: sent = 1001 s m 11 6 200
2024-03-05 18:32:15.711 :: INFO     :: reply = 1001 s m 11 6 200~*
2024-03-05 18:32:15.762 :: INFO     :: sent = 1001 s m 11 8 50
2024-03-05 18:32:15.777 :: INFO     :: reply = 1001 s m 11 8 50~*
2024-03-05 18:32:15.825 :: INFO     :: sent = 1001 s m 11 9 800
2024-03-05 18:32:15.841 :: INFO     :: reply = 1001 s m 11 9 800~*
2024-03-05 18:32:15.876 :: INFO     :: sent = 1001 s m 11 7 240
2024-03-05 18:32:15.893 :: INFO     :: reply = 1001 s m 11 7 240~*
2024-03-05 18:32:15.939 :: INFO     :: sent = 1001 s m 11 10 -60
2024-03-05 18:32:15.944 :: INFO     :: reply = 1001 s m 11 10 -60~*
2024-03-05 18:32:16.121 :: INFO     :: sent = 1001 s a run
2024-03-05 18:32:16.137 :: INFO     :: reply = 1001 s a run~*
2024-03-05 18:32:16.684 :: INFO     :: Started Intan Recording
2024-03-05 18:32:16.866 :: INFO     :: Started SAGA recording (Max/Max_2024_03_05/Max_2024_03_05_STIM_%s_0)
2024-03-05 18:32:16.883 :: INFO     :: Begin Stimulation
2024-03-05 18:32:16.929 :: INFO     :: sent = 1001 s t one
2024-03-05 18:32:16.934 :: INFO     :: reply = 1001 s t one~*
2024-03-05 18:34:53.139 :: INFO     :: Updated Filename = Max/Max_2024_03_05/Max_2024_03_05_STIM_%s_0
2024-03-05 18:34:53.227 :: INFO     :: Model 4100 Ready for commands
2024-03-05 18:34:53.422 :: INFO     :: sent = 1001 s a stop
2024-03-05 18:34:53.448 :: INFO     :: reply = 1001 s a stop~*
2024-03-05 18:34:53.489 :: INFO     :: Send= get rev 

2024-03-05 18:34:53.548 :: INFO     :: Reply= get rev
M3,F2
*
 

2024-03-05 18:34:53.596 :: INFO     :: sent = get active
2024-03-05 18:34:53.613 :: INFO     :: reply = get active~Ready low output~*
2024-03-05 18:34:53.663 :: INFO     :: sent = g n
2024-03-05 18:34:53.679 :: INFO     :: reply = g n~192.168.88.150~255.255.255.0~192.168.88.1~*
2024-03-05 18:34:53.733 :: INFO     :: sent = g r
2024-03-05 18:34:53.748 :: INFO     :: reply = g r~M3,F2~*
2024-03-05 18:34:53.794 :: INFO     :: IntensityOrder =  600,  240,  120,  840,  720,  960, 1080, 1200,  360,  480
2024-03-05 18:34:53.811 :: INFO     :: Stim = 600 uA
2024-03-05 18:34:53.864 :: INFO     :: sent = 1001 s m 0 0 1
2024-03-05 18:34:53.884 :: INFO     :: reply = 1001 s m 0 0 1~*
2024-03-05 18:34:53.927 :: INFO     :: sent = 1001 s m 0 1 6
2024-03-05 18:34:53.943 :: INFO     :: reply = 1001 s m 0 1 6~*
2024-03-05 18:34:53.980 :: INFO     :: sent = 1001 s m 4 0 1
2024-03-05 18:34:53.996 :: INFO     :: reply = 1001 s m 4 0 1~*
2024-03-05 18:34:54.042 :: INFO     :: sent = 1001 s m 7 0
2024-03-05 18:34:54.059 :: INFO     :: reply = 1001 s m 7 0~*
2024-03-05 18:34:54.103 :: INFO     :: sent = 1001 s m 7 4 1
2024-03-05 18:34:54.105 :: INFO     :: reply = 1001 s m 7 4 1~*
2024-03-05 18:34:54.179 :: INFO     :: sent = 1001 s m 7 3 25000000
2024-03-05 18:34:54.195 :: INFO     :: reply = 1001 s m 7 3 25000000~*
2024-03-05 18:34:54.240 :: INFO     :: sent = 1001 s m 7 2 20000000
2024-03-05 18:34:54.256 :: INFO     :: reply = 1001 s m 7 2 20000000~*
2024-03-05 18:34:54.300 :: INFO     :: sent = 1001 s m 11 5 1500000
2024-03-05 18:34:54.316 :: INFO     :: reply = 1001 s m 11 5 1500000~*
2024-03-05 18:34:54.376 :: INFO     :: sent = 1001 s m 11 4 10
2024-03-05 18:34:54.392 :: INFO     :: reply = 1001 s m 11 4 10~*
2024-03-05 18:34:54.439 :: INFO     :: sent = 1001 s m 11 2 2
2024-03-05 18:34:54.443 :: INFO     :: reply = 1001 s m 11 2 2~*
2024-03-05 18:34:54.491 :: INFO     :: sent = 1001 s m 11 6 200
2024-03-05 18:34:54.507 :: INFO     :: reply = 1001 s m 11 6 200~*
2024-03-05 18:34:54.555 :: INFO     :: sent = 1001 s m 11 8 50
2024-03-05 18:34:54.572 :: INFO     :: reply = 1001 s m 11 8 50~*
2024-03-05 18:34:54.615 :: INFO     :: sent = 1001 s m 11 9 800
2024-03-05 18:34:54.632 :: INFO     :: reply = 1001 s m 11 9 800~*
2024-03-05 18:34:54.677 :: INFO     :: sent = 1001 s m 11 7 600
2024-03-05 18:34:54.694 :: INFO     :: reply = 1001 s m 11 7 600~*
2024-03-05 18:34:54.738 :: INFO     :: sent = 1001 s m 11 10 -150
2024-03-05 18:34:54.740 :: INFO     :: reply = 1001 s m 11 10 -150~*
2024-03-05 18:34:54.933 :: INFO     :: sent = 1001 s a run
2024-03-05 18:34:54.938 :: INFO     :: reply = 1001 s a run~*
2024-03-05 18:34:55.491 :: INFO     :: Started Intan Recording
2024-03-05 18:34:55.685 :: INFO     :: Started SAGA recording (Max/Max_2024_03_05/Max_2024_03_05_STIM_%s_0)
2024-03-05 18:34:55.702 :: INFO     :: Begin Stimulation
2024-03-05 18:34:55.747 :: INFO     :: sent = 1001 s t one
2024-03-05 18:34:55.762 :: INFO     :: reply = 1001 s t one~*
2024-03-05 18:35:20.823 :: INFO     :: Stopped SAGA recording (Block = 0)
2024-03-05 18:35:20.859 :: INFO     :: Stopped Intan
2024-03-05 18:35:20.987 :: INFO     :: Stim = 240 uA
2024-03-05 18:35:21.041 :: INFO     :: sent = 1001 s m 0 0 1
2024-03-05 18:35:21.057 :: INFO     :: reply = 1001 s m 0 0 1~*
2024-03-05 18:35:21.102 :: INFO     :: sent = 1001 s m 0 1 6
2024-03-05 18:35:21.107 :: INFO     :: reply = 1001 s m 0 1 6~*
2024-03-05 18:35:21.156 :: INFO     :: sent = 1001 s m 4 0 1
2024-03-05 18:35:21.172 :: INFO     :: reply = 1001 s m 4 0 1~*
2024-03-05 18:35:21.216 :: INFO     :: sent = 1001 s m 7 0
2024-03-05 18:35:21.232 :: INFO     :: reply = 1001 s m 7 0~*
2024-03-05 18:35:21.277 :: INFO     :: sent = 1001 s m 7 4 1
2024-03-05 18:35:21.295 :: INFO     :: reply = 1001 s m 7 4 1~*
2024-03-05 18:35:21.338 :: INFO     :: sent = 1001 s m 7 3 25000000
2024-03-05 18:35:21.355 :: INFO     :: reply = 1001 s m 7 3 25000000~*
2024-03-05 18:35:21.401 :: INFO     :: sent = 1001 s m 7 2 20000000
2024-03-05 18:35:21.404 :: INFO     :: reply = 1001 s m 7 2 20000000~*
2024-03-05 18:35:21.451 :: INFO     :: sent = 1001 s m 11 5 1500000
2024-03-05 18:35:21.469 :: INFO     :: reply = 1001 s m 11 5 1500000~*
2024-03-05 18:35:21.521 :: INFO     :: sent = 1001 s m 11 4 10
2024-03-05 18:35:21.536 :: INFO     :: reply = 1001 s m 11 4 10~*
2024-03-05 18:35:21.583 :: INFO     :: sent = 1001 s m 11 2 2
2024-03-05 18:35:21.599 :: INFO     :: reply = 1001 s m 11 2 2~*
2024-03-05 18:35:21.650 :: INFO     :: sent = 1001 s m 11 6 200
2024-03-05 18:35:21.666 :: INFO     :: reply = 1001 s m 11 6 200~*
2024-03-05 18:35:21.713 :: INFO     :: sent = 1001 s m 11 8 50
2024-03-05 18:35:21.729 :: INFO     :: reply = 1001 s m 11 8 50~*
2024-03-05 18:35:21.767 :: INFO     :: sent = 1001 s m 11 9 800
2024-03-05 18:35:21.783 :: INFO     :: reply = 1001 s m 11 9 800~*
2024-03-05 18:35:21.828 :: INFO     :: sent = 1001 s m 11 7 240
2024-03-05 18:35:21.845 :: INFO     :: reply = 1001 s m 11 7 240~*
2024-03-05 18:35:21.891 :: INFO     :: sent = 1001 s m 11 10 -60
2024-03-05 18:35:21.899 :: INFO     :: reply = 1001 s m 11 10 -60~*
2024-03-05 18:35:21.946 :: INFO     :: sent = 1001 s a run
2024-03-05 18:35:21.963 :: INFO     :: reply = 1001 s a run~*
2024-03-05 18:35:22.509 :: INFO     :: Started Intan Recording
2024-03-05 18:35:22.702 :: INFO     :: Started SAGA recording (Max/Max_2024_03_05/Max_2024_03_05_STIM_%s_1)
2024-03-05 18:35:22.718 :: INFO     :: Begin Stimulation
2024-03-05 18:35:22.773 :: INFO     :: sent = 1001 s t one
2024-03-05 18:35:22.788 :: INFO     :: reply = 1001 s t one~*
2024-03-05 18:35:47.852 :: INFO     :: Stopped SAGA recording (Block = 1)
2024-03-05 18:35:47.884 :: INFO     :: Stopped Intan
2024-03-05 18:35:47.901 :: INFO     :: Stim = 120 uA
2024-03-05 18:35:47.954 :: INFO     :: sent = 1001 s m 0 0 1
2024-03-05 18:35:47.970 :: INFO     :: reply = 1001 s m 0 0 1~*
2024-03-05 18:35:48.016 :: INFO     :: sent = 1001 s m 0 1 6
2024-03-05 18:35:48.032 :: INFO     :: reply = 1001 s m 0 1 6~*
2024-03-05 18:35:48.085 :: INFO     :: sent = 1001 s m 4 0 1
2024-03-05 18:35:48.101 :: INFO     :: reply = 1001 s m 4 0 1~*
2024-03-05 18:35:48.150 :: INFO     :: sent = 1001 s m 7 0
2024-03-05 18:35:48.167 :: INFO     :: reply = 1001 s m 7 0~*
2024-03-05 18:35:48.215 :: INFO     :: sent = 1001 s m 7 4 1
2024-03-05 18:35:48.231 :: INFO     :: reply = 1001 s m 7 4 1~*
2024-03-05 18:35:48.282 :: INFO     :: sent = 1001 s m 7 3 25000000
2024-03-05 18:35:48.300 :: INFO     :: reply = 1001 s m 7 3 25000000~*
2024-03-05 18:35:48.354 :: INFO     :: sent = 1001 s m 7 2 20000000
2024-03-05 18:35:48.371 :: INFO     :: reply = 1001 s m 7 2 20000000~*
2024-03-05 18:35:48.416 :: INFO     :: sent = 1001 s m 11 5 1500000
2024-03-05 18:35:48.432 :: INFO     :: reply = 1001 s m 11 5 1500000~*
2024-03-05 18:35:48.480 :: INFO     :: sent = 1001 s m 11 4 10
2024-03-05 18:35:48.495 :: INFO     :: reply = 1001 s m 11 4 10~*
2024-03-05 18:35:48.546 :: INFO     :: sent = 1001 s m 11 2 2
2024-03-05 18:35:48.561 :: INFO     :: reply = 1001 s m 11 2 2~*
2024-03-05 18:35:48.608 :: INFO     :: sent = 1001 s m 11 6 200
2024-03-05 18:35:48.624 :: INFO     :: reply = 1001 s m 11 6 200~*
2024-03-05 18:35:48.671 :: INFO     :: sent = 1001 s m 11 8 50
2024-03-05 18:35:48.687 :: INFO     :: reply = 1001 s m 11 8 50~*
2024-03-05 18:35:48.726 :: INFO     :: sent = 1001 s m 11 9 800
2024-03-05 18:35:48.742 :: INFO     :: reply = 1001 s m 11 9 800~*
2024-03-05 18:35:48.792 :: INFO     :: sent = 1001 s m 11 7 120
2024-03-05 18:35:48.813 :: INFO     :: reply = 1001 s m 11 7 120~*
2024-03-05 18:35:48.855 :: INFO     :: sent = 1001 s m 11 10 -30
2024-03-05 18:35:48.860 :: INFO     :: reply = 1001 s m 11 10 -30~*
2024-03-05 18:35:48.908 :: INFO     :: sent = 1001 s a run
2024-03-05 18:35:48.924 :: INFO     :: reply = 1001 s a run~*
2024-03-05 18:35:49.469 :: INFO     :: Started Intan Recording
2024-03-05 18:35:49.666 :: INFO     :: Started SAGA recording (Max/Max_2024_03_05/Max_2024_03_05_STIM_%s_2)
2024-03-05 18:35:49.683 :: INFO     :: Begin Stimulation
2024-03-05 18:35:49.734 :: INFO     :: sent = 1001 s t one
2024-03-05 18:35:49.749 :: INFO     :: reply = 1001 s t one~*
2024-03-05 18:36:14.795 :: INFO     :: Stopped SAGA recording (Block = 2)
2024-03-05 18:36:14.814 :: INFO     :: Stopped Intan
2024-03-05 18:36:14.830 :: INFO     :: Stim = 840 uA
2024-03-05 18:36:14.878 :: INFO     :: sent = 1001 s m 0 0 1
2024-03-05 18:36:14.895 :: INFO     :: reply = 1001 s m 0 0 1~*
2024-03-05 18:36:14.946 :: INFO     :: sent = 1001 s m 0 1 6
2024-03-05 18:36:14.962 :: INFO     :: reply = 1001 s m 0 1 6~*
2024-03-05 18:36:15.010 :: INFO     :: sent = 1001 s m 4 0 1
2024-03-05 18:36:15.026 :: INFO     :: reply = 1001 s m 4 0 1~*
2024-03-05 18:36:15.078 :: INFO     :: sent = 1001 s m 7 0
2024-03-05 18:36:15.093 :: INFO     :: reply = 1001 s m 7 0~*
2024-03-05 18:36:15.141 :: INFO     :: sent = 1001 s m 7 4 1
2024-03-05 18:36:15.158 :: INFO     :: reply = 1001 s m 7 4 1~*
2024-03-05 18:36:15.209 :: INFO     :: sent = 1001 s m 7 3 25000000
2024-03-05 18:36:15.225 :: INFO     :: reply = 1001 s m 7 3 25000000~*
2024-03-05 18:36:15.274 :: INFO     :: sent = 1001 s m 7 2 20000000
2024-03-05 18:36:15.289 :: INFO     :: reply = 1001 s m 7 2 20000000~*
2024-03-05 18:36:15.324 :: INFO     :: sent = 1001 s m 11 5 1500000
2024-03-05 18:36:15.340 :: INFO     :: reply = 1001 s m 11 5 1500000~*
2024-03-05 18:36:15.390 :: INFO     :: sent = 1001 s m 11 4 10
2024-03-05 18:36:15.408 :: INFO     :: reply = 1001 s m 11 4 10~*
2024-03-05 18:36:15.453 :: INFO     :: sent = 1001 s m 11 2 2
2024-03-05 18:36:15.458 :: INFO     :: reply = 1001 s m 11 2 2~*
2024-03-05 18:36:15.506 :: INFO     :: sent = 1001 s m 11 6 200
2024-03-05 18:36:15.522 :: INFO     :: reply = 1001 s m 11 6 200~*
2024-03-05 18:36:15.557 :: INFO     :: sent = 1001 s m 11 8 50
2024-03-05 18:36:15.573 :: INFO     :: reply = 1001 s m 11 8 50~*
2024-03-05 18:36:15.618 :: INFO     :: sent = 1001 s m 11 9 800
2024-03-05 18:36:15.623 :: INFO     :: reply = 1001 s m 11 9 800~*
2024-03-05 18:36:15.672 :: INFO     :: sent = 1001 s m 11 7 840
2024-03-05 18:36:15.688 :: INFO     :: reply = 1001 s m 11 7 840~*
2024-03-05 18:36:15.736 :: INFO     :: sent = 1001 s m 11 10 -210
2024-03-05 18:36:15.752 :: INFO     :: reply = 1001 s m 11 10 -210~*
2024-03-05 18:36:15.804 :: INFO     :: sent = 1001 s a run
2024-03-05 18:36:15.819 :: INFO     :: reply = 1001 s a run~*
2024-03-05 18:36:16.362 :: INFO     :: Started Intan Recording
2024-03-05 18:36:16.540 :: INFO     :: Started SAGA recording (Max/Max_2024_03_05/Max_2024_03_05_STIM_%s_3)
2024-03-05 18:36:16.547 :: INFO     :: Begin Stimulation
2024-03-05 18:36:16.595 :: INFO     :: sent = 1001 s t one
2024-03-05 18:36:16.611 :: INFO     :: reply = 1001 s t one~*
2024-03-05 18:36:41.654 :: INFO     :: Stopped SAGA recording (Block = 3)
2024-03-05 18:36:41.676 :: INFO     :: Stopped Intan
2024-03-05 18:36:41.743 :: INFO     :: Stim = 720 uA
2024-03-05 18:36:41.789 :: INFO     :: sent = 1001 s m 0 0 1
2024-03-05 18:36:41.808 :: INFO     :: reply = 1001 s m 0 0 1~*
2024-03-05 18:36:41.853 :: INFO     :: sent = 1001 s m 0 1 6
2024-03-05 18:36:41.858 :: INFO     :: reply = 1001 s m 0 1 6~*
2024-03-05 18:36:41.907 :: INFO     :: sent = 1001 s m 4 0 1
2024-03-05 18:36:41.924 :: INFO     :: reply = 1001 s m 4 0 1~*
2024-03-05 18:36:41.971 :: INFO     :: sent = 1001 s m 7 0
2024-03-05 18:36:41.988 :: INFO     :: reply = 1001 s m 7 0~*
2024-03-05 18:36:42.021 :: INFO     :: sent = 1001 s m 7 4 1
2024-03-05 18:36:42.040 :: INFO     :: reply = 1001 s m 7 4 1~*
2024-03-05 18:36:42.085 :: INFO     :: sent = 1001 s m 7 3 25000000
2024-03-05 18:36:42.089 :: INFO     :: reply = 1001 s m 7 3 25000000~*
2024-03-05 18:36:42.138 :: INFO     :: sent = 1001 s m 7 2 20000000
2024-03-05 18:36:42.155 :: INFO     :: reply = 1001 s m 7 2 20000000~*
2024-03-05 18:36:42.198 :: INFO     :: sent = 1001 s m 11 5 1500000
2024-03-05 18:36:42.214 :: INFO     :: reply = 1001 s m 11 5 1500000~*
2024-03-05 18:36:42.270 :: INFO     :: sent = 1001 s m 11 4 10
2024-03-05 18:36:42.285 :: INFO     :: reply = 1001 s m 11 4 10~*
2024-03-05 18:36:42.336 :: INFO     :: sent = 1001 s m 11 2 2
2024-03-05 18:36:42.351 :: INFO     :: reply = 1001 s m 11 2 2~*
2024-03-05 18:36:42.399 :: INFO     :: sent = 1001 s m 11 6 200
2024-03-05 18:36:42.416 :: INFO     :: reply = 1001 s m 11 6 200~*
2024-03-05 18:36:42.450 :: INFO     :: sent = 1001 s m 11 8 50
2024-03-05 18:36:42.468 :: INFO     :: reply = 1001 s m 11 8 50~*
2024-03-05 18:36:42.519 :: INFO     :: sent = 1001 s m 11 9 800
2024-03-05 18:36:42.536 :: INFO     :: reply = 1001 s m 11 9 800~*
2024-03-05 18:36:42.588 :: INFO     :: sent = 1001 s m 11 7 720
2024-03-05 18:36:42.605 :: INFO     :: reply = 1001 s m 11 7 720~*
2024-03-05 18:36:42.648 :: INFO     :: sent = 1001 s m 11 10 -180
2024-03-05 18:36:42.666 :: INFO     :: reply = 1001 s m 11 10 -180~*
2024-03-05 18:36:42.722 :: INFO     :: sent = 1001 s a run
2024-03-05 18:36:42.739 :: INFO     :: reply = 1001 s a run~*
2024-03-05 18:36:43.278 :: INFO     :: Started Intan Recording
2024-03-05 18:36:43.468 :: INFO     :: Started SAGA recording (Max/Max_2024_03_05/Max_2024_03_05_STIM_%s_4)
2024-03-05 18:36:43.484 :: INFO     :: Begin Stimulation
2024-03-05 18:36:43.530 :: INFO     :: sent = 1001 s t one
2024-03-05 18:36:43.541 :: INFO     :: reply = 1001 s t one~*
2024-03-05 18:37:08.584 :: INFO     :: Stopped SAGA recording (Block = 4)
2024-03-05 18:37:08.614 :: INFO     :: Stopped Intan
2024-03-05 18:37:08.633 :: INFO     :: Stim = 960 uA
2024-03-05 18:37:08.676 :: INFO     :: sent = 1001 s m 0 0 1
2024-03-05 18:37:08.687 :: INFO     :: reply = 1001 s m 0 0 1~*
2024-03-05 18:37:08.734 :: INFO     :: sent = 1001 s m 0 1 6
2024-03-05 18:37:08.753 :: INFO     :: reply = 1001 s m 0 1 6~*
2024-03-05 18:37:08.798 :: INFO     :: sent = 1001 s m 4 0 1
2024-03-05 18:37:08.814 :: INFO     :: reply = 1001 s m 4 0 1~*
2024-03-05 18:37:08.859 :: INFO     :: sent = 1001 s m 7 0
2024-03-05 18:37:08.876 :: INFO     :: reply = 1001 s m 7 0~*
2024-03-05 18:37:08.920 :: INFO     :: sent = 1001 s m 7 4 1
2024-03-05 18:37:08.936 :: INFO     :: reply = 1001 s m 7 4 1~*
2024-03-05 18:37:08.981 :: INFO     :: sent = 1001 s m 7 3 25000000
2024-03-05 18:37:08.984 :: INFO     :: reply = 1001 s m 7 3 25000000~*
2024-03-05 18:37:09.032 :: INFO     :: sent = 1001 s m 7 2 20000000
2024-03-05 18:37:09.049 :: INFO     :: reply = 1001 s m 7 2 20000000~*
2024-03-05 18:37:09.099 :: INFO     :: sent = 1001 s m 11 5 1500000
2024-03-05 18:37:09.114 :: INFO     :: reply = 1001 s m 11 5 1500000~*
2024-03-05 18:37:09.167 :: INFO     :: sent = 1001 s m 11 4 10
2024-03-05 18:37:09.184 :: INFO     :: reply = 1001 s m 11 4 10~*
2024-03-05 18:37:09.229 :: INFO     :: sent = 1001 s m 11 2 2
2024-03-05 18:37:09.245 :: INFO     :: reply = 1001 s m 11 2 2~*
2024-03-05 18:37:09.297 :: INFO     :: sent = 1001 s m 11 6 200
2024-03-05 18:37:09.312 :: INFO     :: reply = 1001 s m 11 6 200~*
2024-03-05 18:37:09.365 :: INFO     :: sent = 1001 s m 11 8 50
2024-03-05 18:37:09.382 :: INFO     :: reply = 1001 s m 11 8 50~*
2024-03-05 18:37:09.425 :: INFO     :: sent = 1001 s m 11 9 800
2024-03-05 18:37:09.442 :: INFO     :: reply = 1001 s m 11 9 800~*
2024-03-05 18:37:09.495 :: INFO     :: sent = 1001 s m 11 7 960
2024-03-05 18:37:09.510 :: INFO     :: reply = 1001 s m 11 7 960~*
2024-03-05 18:37:09.562 :: INFO     :: sent = 1001 s m 11 10 -240
2024-03-05 18:37:09.579 :: INFO     :: reply = 1001 s m 11 10 -240~*
2024-03-05 18:37:09.626 :: INFO     :: sent = 1001 s a run
2024-03-05 18:37:09.645 :: INFO     :: reply = 1001 s a run~*
2024-03-05 18:37:10.184 :: INFO     :: Started Intan Recording
2024-03-05 18:37:10.370 :: INFO     :: Started SAGA recording (Max/Max_2024_03_05/Max_2024_03_05_STIM_%s_5)
2024-03-05 18:37:10.385 :: INFO     :: Begin Stimulation
2024-03-05 18:37:10.431 :: INFO     :: sent = 1001 s t one
2024-03-05 18:37:10.436 :: INFO     :: reply = 1001 s t one~*
2024-03-05 18:37:35.483 :: INFO     :: Stopped SAGA recording (Block = 5)
2024-03-05 18:37:35.515 :: INFO     :: Stopped Intan
2024-03-05 18:37:35.533 :: INFO     :: Stim = 1080 uA
2024-03-05 18:37:35.577 :: INFO     :: sent = 1001 s m 0 0 1
2024-03-05 18:37:35.581 :: INFO     :: reply = 1001 s m 0 0 1~*
2024-03-05 18:37:35.630 :: INFO     :: sent = 1001 s m 0 1 6
2024-03-05 18:37:35.648 :: INFO     :: reply = 1001 s m 0 1 6~*
2024-03-05 18:37:35.690 :: INFO     :: sent = 1001 s m 4 0 1
2024-03-05 18:37:35.706 :: INFO     :: reply = 1001 s m 4 0 1~*
2024-03-05 18:37:35.763 :: INFO     :: sent = 1001 s m 7 0
2024-03-05 18:37:35.780 :: INFO     :: reply = 1001 s m 7 0~*
2024-03-05 18:37:35.829 :: INFO     :: sent = 1001 s m 7 4 1
2024-03-05 18:37:35.844 :: INFO     :: reply = 1001 s m 7 4 1~*
2024-03-05 18:37:35.891 :: INFO     :: sent = 1001 s m 7 3 25000000
2024-03-05 18:37:35.908 :: INFO     :: reply = 1001 s m 7 3 25000000~*
2024-03-05 18:37:35.952 :: INFO     :: sent = 1001 s m 7 2 20000000
2024-03-05 18:37:35.955 :: INFO     :: reply = 1001 s m 7 2 20000000~*
2024-03-05 18:37:36.003 :: INFO     :: sent = 1001 s m 11 5 1500000
2024-03-05 18:37:36.011 :: INFO     :: reply = 1001 s m 11 5 1500000~*
2024-03-05 18:37:36.058 :: INFO     :: sent = 1001 s m 11 4 10
2024-03-05 18:37:36.076 :: INFO     :: reply = 1001 s m 11 4 10~*
2024-03-05 18:37:36.125 :: INFO     :: sent = 1001 s m 11 2 2
2024-03-05 18:37:36.141 :: INFO     :: reply = 1001 s m 11 2 2~*
2024-03-05 18:37:36.189 :: INFO     :: sent = 1001 s m 11 6 200
2024-03-05 18:37:36.206 :: INFO     :: reply = 1001 s m 11 6 200~*
2024-03-05 18:37:36.240 :: INFO     :: sent = 1001 s m 11 8 50
2024-03-05 18:37:36.258 :: INFO     :: reply = 1001 s m 11 8 50~*
2024-03-05 18:37:36.308 :: INFO     :: sent = 1001 s m 11 9 800
2024-03-05 18:37:36.323 :: INFO     :: reply = 1001 s m 11 9 800~*
2024-03-05 18:37:36.370 :: INFO     :: sent = 1001 s m 11 7 1080
2024-03-05 18:37:36.389 :: INFO     :: reply = 1001 s m 11 7 1080~*
2024-03-05 18:37:36.431 :: INFO     :: sent = 1001 s m 11 10 -270
2024-03-05 18:37:36.448 :: INFO     :: reply = 1001 s m 11 10 -270~*
2024-03-05 18:37:36.494 :: INFO     :: sent = 1001 s a run
2024-03-05 18:37:36.511 :: INFO     :: reply = 1001 s a run~*
2024-03-05 18:37:37.050 :: INFO     :: Started Intan Recording
2024-03-05 18:37:37.230 :: INFO     :: Started SAGA recording (Max/Max_2024_03_05/Max_2024_03_05_STIM_%s_6)
2024-03-05 18:37:37.247 :: INFO     :: Begin Stimulation
2024-03-05 18:37:37.292 :: INFO     :: sent = 1001 s t one
2024-03-05 18:37:37.309 :: INFO     :: reply = 1001 s t one~*
2024-03-05 18:38:02.360 :: INFO     :: Stopped SAGA recording (Block = 6)
2024-03-05 18:38:02.392 :: INFO     :: Stopped Intan
2024-03-05 18:42:30.005 :: INFO     :: IntensityOrder =  600,  480, 1200,  120,  960,  720, 1080,  360,  240,  840
2024-03-05 18:42:30.027 :: INFO     :: Stim = 600 uA
2024-03-05 18:42:30.190 :: INFO     :: sent = 1001 s a stop
2024-03-05 18:42:30.207 :: INFO     :: reply = 1001 s a stop~*
2024-03-05 18:42:30.249 :: INFO     :: sent = 1001 s m 0 0 1
2024-03-05 18:42:30.265 :: INFO     :: reply = 1001 s m 0 0 1~*
2024-03-05 18:42:30.303 :: INFO     :: sent = 1001 s m 0 1 6
2024-03-05 18:42:30.321 :: INFO     :: reply = 1001 s m 0 1 6~*
2024-03-05 18:42:30.372 :: INFO     :: sent = 1001 s m 4 0 1
2024-03-05 18:42:30.389 :: INFO     :: reply = 1001 s m 4 0 1~*
2024-03-05 18:42:30.433 :: INFO     :: sent = 1001 s m 7 0
2024-03-05 18:42:30.450 :: INFO     :: reply = 1001 s m 7 0~*
2024-03-05 18:42:30.493 :: INFO     :: sent = 1001 s m 7 4 1
2024-03-05 18:42:30.510 :: INFO     :: reply = 1001 s m 7 4 1~*
2024-03-05 18:42:30.569 :: INFO     :: sent = 1001 s m 7 3 11000000
2024-03-05 18:42:30.586 :: INFO     :: reply = 1001 s m 7 3 11000000~*
2024-03-05 18:42:30.630 :: INFO     :: sent = 1001 s m 7 2 6000000
2024-03-05 18:42:30.647 :: INFO     :: reply = 1001 s m 7 2 6000000~*
2024-03-05 18:42:30.692 :: INFO     :: sent = 1001 s m 11 5 500000
2024-03-05 18:42:30.701 :: INFO     :: reply = 1001 s m 11 5 500000~*
2024-03-05 18:42:30.748 :: INFO     :: sent = 1001 s m 11 4 2
2024-03-05 18:42:30.765 :: INFO     :: reply = 1001 s m 11 4 2~*
2024-03-05 18:42:30.815 :: INFO     :: sent = 1001 s m 11 2 2
2024-03-05 18:42:30.831 :: INFO     :: reply = 1001 s m 11 2 2~*
2024-03-05 18:42:30.865 :: INFO     :: sent = 1001 s m 11 6 200
2024-03-05 18:42:30.884 :: INFO     :: reply = 1001 s m 11 6 200~*
2024-03-05 18:42:30.927 :: INFO     :: sent = 1001 s m 11 8 50
2024-03-05 18:42:30.932 :: INFO     :: reply = 1001 s m 11 8 50~*
2024-03-05 18:42:30.980 :: INFO     :: sent = 1001 s m 11 9 800
2024-03-05 18:42:30.998 :: INFO     :: reply = 1001 s m 11 9 800~*
2024-03-05 18:42:31.042 :: INFO     :: sent = 1001 s m 11 7 600
2024-03-05 18:42:31.059 :: INFO     :: reply = 1001 s m 11 7 600~*
2024-03-05 18:42:31.095 :: INFO     :: sent = 1001 s m 11 10 -150
2024-03-05 18:42:31.114 :: INFO     :: reply = 1001 s m 11 10 -150~*
2024-03-05 18:42:31.442 :: INFO     :: sent = 1001 s a run
2024-03-05 18:42:31.458 :: INFO     :: reply = 1001 s a run~*
2024-03-05 18:42:31.998 :: INFO     :: Started Intan Recording
2024-03-05 18:42:32.195 :: INFO     :: Started SAGA recording (Max/Max_2024_03_05/Max_2024_03_05_STIM_%s_7)
2024-03-05 18:42:32.214 :: INFO     :: Begin Stimulation
2024-03-05 18:42:32.297 :: INFO     :: sent = 1001 s t one
2024-03-05 18:42:32.314 :: INFO     :: reply = 1001 s t one~*
2024-03-05 18:42:43.354 :: INFO     :: Stopped SAGA recording (Block = 7)
2024-03-05 18:42:43.385 :: INFO     :: Stopped Intan
2024-03-05 18:42:43.455 :: INFO     :: Stim = 480 uA
2024-03-05 18:42:43.617 :: INFO     :: sent = 1001 s a stop
2024-03-05 18:42:43.633 :: INFO     :: reply = 1001 s a stop~*
2024-03-05 18:42:43.678 :: INFO     :: sent = 1001 s m 0 0 1
2024-03-05 18:42:43.696 :: INFO     :: reply = 1001 s m 0 0 1~*
2024-03-05 18:42:43.752 :: INFO     :: sent = 1001 s m 0 1 6
2024-03-05 18:42:43.769 :: INFO     :: reply = 1001 s m 0 1 6~*
2024-03-05 18:42:43.817 :: INFO     :: sent = 1001 s m 4 0 1
2024-03-05 18:42:43.834 :: INFO     :: reply = 1001 s m 4 0 1~*
2024-03-05 18:42:43.884 :: INFO     :: sent = 1001 s m 7 0
2024-03-05 18:42:43.899 :: INFO     :: reply = 1001 s m 7 0~*
2024-03-05 18:42:43.951 :: INFO     :: sent = 1001 s m 7 4 1
2024-03-05 18:42:43.966 :: INFO     :: reply = 1001 s m 7 4 1~*
2024-03-05 18:42:44.015 :: INFO     :: sent = 1001 s m 7 3 11000000
2024-03-05 18:42:44.032 :: INFO     :: reply = 1001 s m 7 3 11000000~*
2024-03-05 18:42:44.082 :: INFO     :: sent = 1001 s m 7 2 6000000
2024-03-05 18:42:44.097 :: INFO     :: reply = 1001 s m 7 2 6000000~*
2024-03-05 18:42:44.148 :: INFO     :: sent = 1001 s m 11 5 500000
2024-03-05 18:42:44.166 :: INFO     :: reply = 1001 s m 11 5 500000~*
2024-03-05 18:42:44.214 :: INFO     :: sent = 1001 s m 11 4 2
2024-03-05 18:42:44.229 :: INFO     :: reply = 1001 s m 11 4 2~*
2024-03-05 18:42:44.277 :: INFO     :: sent = 1001 s m 11 2 2
2024-03-05 18:42:44.294 :: INFO     :: reply = 1001 s m 11 2 2~*
2024-03-05 18:42:44.328 :: INFO     :: sent = 1001 s m 11 6 200
2024-03-05 18:42:44.344 :: INFO     :: reply = 1001 s m 11 6 200~*
2024-03-05 18:42:44.394 :: INFO     :: sent = 1001 s m 11 8 50
2024-03-05 18:42:44.412 :: INFO     :: reply = 1001 s m 11 8 50~*
2024-03-05 18:42:44.456 :: INFO     :: sent = 1001 s m 11 9 800
2024-03-05 18:42:44.462 :: INFO     :: reply = 1001 s m 11 9 800~*
2024-03-05 18:42:44.510 :: INFO     :: sent = 1001 s m 11 7 480
2024-03-05 18:42:44.527 :: INFO     :: reply = 1001 s m 11 7 480~*
2024-03-05 18:42:44.561 :: INFO     :: sent = 1001 s m 11 10 -120
2024-03-05 18:42:44.578 :: INFO     :: reply = 1001 s m 11 10 -120~*
2024-03-05 18:42:44.889 :: INFO     :: sent = 1001 s a run
2024-03-05 18:42:44.891 :: INFO     :: reply = 1001 s a run~*
2024-03-05 18:42:45.444 :: INFO     :: Started Intan Recording
2024-03-05 18:42:45.613 :: INFO     :: Started SAGA recording (Max/Max_2024_03_05/Max_2024_03_05_STIM_%s_8)
2024-03-05 18:42:45.631 :: INFO     :: Begin Stimulation
2024-03-05 18:42:45.782 :: INFO     :: sent = 1001 s t one
2024-03-05 18:42:45.798 :: INFO     :: reply = 1001 s t one~*
2024-03-05 18:42:56.834 :: INFO     :: Stopped SAGA recording (Block = 8)
2024-03-05 18:42:56.853 :: INFO     :: Stopped Intan
2024-03-05 18:42:56.918 :: INFO     :: Stim = 1200 uA
2024-03-05 18:42:57.084 :: INFO     :: sent = 1001 s a stop
2024-03-05 18:42:57.101 :: INFO     :: reply = 1001 s a stop~*
2024-03-05 18:42:57.149 :: INFO     :: sent = 1001 s m 0 0 1
2024-03-05 18:42:57.167 :: INFO     :: reply = 1001 s m 0 0 1~*
2024-03-05 18:42:57.215 :: INFO     :: sent = 1001 s m 0 1 6
2024-03-05 18:42:57.232 :: INFO     :: reply = 1001 s m 0 1 6~*
2024-03-05 18:42:57.276 :: INFO     :: sent = 1001 s m 4 0 1
2024-03-05 18:42:57.293 :: INFO     :: reply = 1001 s m 4 0 1~*
2024-03-05 18:42:57.347 :: INFO     :: sent = 1001 s m 7 0
2024-03-05 18:42:57.363 :: INFO     :: reply = 1001 s m 7 0~*
2024-03-05 18:42:57.411 :: INFO     :: sent = 1001 s m 7 4 1
2024-03-05 18:42:57.429 :: INFO     :: reply = 1001 s m 7 4 1~*
2024-03-05 18:42:57.473 :: INFO     :: sent = 1001 s m 7 3 11000000
2024-03-05 18:42:57.490 :: INFO     :: reply = 1001 s m 7 3 11000000~*
2024-03-05 18:42:57.528 :: INFO     :: sent = 1001 s m 7 2 6000000
2024-03-05 18:42:57.543 :: INFO     :: reply = 1001 s m 7 2 6000000~*
2024-03-05 18:42:57.590 :: INFO     :: sent = 1001 s m 11 5 500000
2024-03-05 18:42:57.596 :: INFO     :: reply = 1001 s m 11 5 500000~*
2024-03-05 18:42:57.644 :: INFO     :: sent = 1001 s m 11 4 2
2024-03-05 18:42:57.661 :: INFO     :: reply = 1001 s m 11 4 2~*
2024-03-05 18:42:57.711 :: INFO     :: sent = 1001 s m 11 2 2
2024-03-05 18:42:57.726 :: INFO     :: reply = 1001 s m 11 2 2~*
2024-03-05 18:42:57.773 :: INFO     :: sent = 1001 s m 11 6 200
2024-03-05 18:42:57.791 :: INFO     :: reply = 1001 s m 11 6 200~*
2024-03-05 18:42:57.825 :: INFO     :: sent = 1001 s m 11 8 50
2024-03-05 18:42:57.843 :: INFO     :: reply = 1001 s m 11 8 50~*
2024-03-05 18:42:57.889 :: INFO     :: sent = 1001 s m 11 9 800
2024-03-05 18:42:57.893 :: INFO     :: reply = 1001 s m 11 9 800~*
2024-03-05 18:42:57.940 :: INFO     :: sent = 1001 s m 11 7 1200
2024-03-05 18:42:57.959 :: INFO     :: reply = 1001 s m 11 7 1200~*
2024-03-05 18:42:58.003 :: INFO     :: sent = 1001 s m 11 10 -300
2024-03-05 18:42:58.022 :: INFO     :: reply = 1001 s m 11 10 -300~*
2024-03-05 18:42:58.336 :: INFO     :: sent = 1001 s a run
2024-03-05 18:42:58.351 :: INFO     :: reply = 1001 s a run~*
2024-03-05 18:42:58.899 :: INFO     :: Started Intan Recording
2024-03-05 18:47:06.229 :: INFO     :: Updated Filename = Max/Max_2024_03_05/Max_2024_03_05_STIM_%s_9
2024-03-05 18:48:28.702 :: INFO     :: IntensityOrder = 2000
2024-03-05 18:48:28.725 :: INFO     :: Stim = 2000 uA
2024-03-05 18:48:28.890 :: INFO     :: sent = 1001 s a stop
2024-03-05 18:48:28.909 :: INFO     :: reply = 1001 s a stop~*
2024-03-05 18:48:28.949 :: INFO     :: sent = 1001 s m 0 0 1
2024-03-05 18:48:28.967 :: INFO     :: reply = 1001 s m 0 0 1~*
2024-03-05 18:48:29.012 :: INFO     :: sent = 1001 s m 0 1 6
2024-03-05 18:48:29.030 :: INFO     :: reply = 1001 s m 0 1 6~*
2024-03-05 18:48:29.074 :: INFO     :: sent = 1001 s m 4 0 1
2024-03-05 18:48:29.081 :: INFO     :: reply = 1001 s m 4 0 1~*
2024-03-05 18:48:29.129 :: INFO     :: sent = 1001 s m 7 0
2024-03-05 18:48:29.147 :: INFO     :: reply = 1001 s m 7 0~*
2024-03-05 18:48:29.195 :: INFO     :: sent = 1001 s m 7 4 1
2024-03-05 18:48:29.213 :: INFO     :: reply = 1001 s m 7 4 1~*
2024-03-05 18:48:29.261 :: INFO     :: sent = 1001 s m 7 3 11000000
2024-03-05 18:48:29.279 :: INFO     :: reply = 1001 s m 7 3 11000000~*
2024-03-05 18:48:29.328 :: INFO     :: sent = 1001 s m 7 2 6000000
2024-03-05 18:48:29.343 :: INFO     :: reply = 1001 s m 7 2 6000000~*
2024-03-05 18:48:29.395 :: INFO     :: sent = 1001 s m 11 5 500000
2024-03-05 18:48:29.409 :: INFO     :: reply = 1001 s m 11 5 500000~*
2024-03-05 18:48:29.457 :: INFO     :: sent = 1001 s m 11 4 2
2024-03-05 18:48:29.475 :: INFO     :: reply = 1001 s m 11 4 2~*
2024-03-05 18:48:29.525 :: INFO     :: sent = 1001 s m 11 2 2
2024-03-05 18:48:29.542 :: INFO     :: reply = 1001 s m 11 2 2~*
2024-03-05 18:48:29.576 :: INFO     :: sent = 1001 s m 11 6 200
2024-03-05 18:48:29.594 :: INFO     :: reply = 1001 s m 11 6 200~*
2024-03-05 18:48:29.640 :: INFO     :: sent = 1001 s m 11 8 50
2024-03-05 18:48:29.660 :: INFO     :: reply = 1001 s m 11 8 50~*
2024-03-05 18:48:29.704 :: INFO     :: sent = 1001 s m 11 9 800
2024-03-05 18:48:29.708 :: INFO     :: reply = 1001 s m 11 9 800~*
2024-03-05 18:48:29.756 :: INFO     :: sent = 1001 s m 11 7 2000
2024-03-05 18:48:29.773 :: INFO     :: reply = 1001 s m 11 7 2000~*
2024-03-05 18:48:29.823 :: INFO     :: sent = 1001 s m 11 10 -500
2024-03-05 18:48:29.838 :: INFO     :: reply = 1001 s m 11 10 -500~*
2024-03-05 18:48:30.154 :: INFO     :: sent = 1001 s a run
2024-03-05 18:48:30.172 :: INFO     :: reply = 1001 s a run~*
2024-03-05 18:48:30.710 :: INFO     :: Started Intan Recording
2024-03-05 18:48:30.894 :: INFO     :: Started SAGA recording (Max/Max_2024_03_05/Max_2024_03_05_STIM_%s_9)
2024-03-05 18:48:30.913 :: INFO     :: Begin Stimulation
2024-03-05 18:48:31.025 :: INFO     :: sent = 1001 s t one
2024-03-05 18:48:31.028 :: INFO     :: reply = 1001 s t one~*
2024-03-05 18:48:42.082 :: INFO     :: Stopped SAGA recording (Block = 9)
2024-03-05 18:48:42.113 :: INFO     :: Stopped Intan
2024-03-05 18:54:33.955 :: INFO     :: IntensityOrder = 2000
2024-03-05 18:54:33.979 :: INFO     :: Stim = 2000 uA
2024-03-05 18:54:34.160 :: INFO     :: sent = 1001 s a stop
2024-03-05 18:54:34.180 :: INFO     :: reply = 1001 s a stop~*
2024-03-05 18:54:34.235 :: INFO     :: sent = 1001 s m 0 0 1
2024-03-05 18:54:34.255 :: INFO     :: reply = 1001 s m 0 0 1~*
2024-03-05 18:54:34.297 :: INFO     :: sent = 1001 s m 0 1 6
2024-03-05 18:54:34.316 :: INFO     :: reply = 1001 s m 0 1 6~*
2024-03-05 18:54:34.359 :: INFO     :: sent = 1001 s m 4 0 1
2024-03-05 18:54:34.378 :: INFO     :: reply = 1001 s m 4 0 1~*
2024-03-05 18:54:34.420 :: INFO     :: sent = 1001 s m 7 0
2024-03-05 18:54:34.439 :: INFO     :: reply = 1001 s m 7 0~*
2024-03-05 18:54:34.481 :: INFO     :: sent = 1001 s m 7 4 1
2024-03-05 18:54:34.500 :: INFO     :: reply = 1001 s m 7 4 1~*
2024-03-05 18:54:34.542 :: INFO     :: sent = 1001 s m 7 3 11000000
2024-03-05 18:54:34.561 :: INFO     :: reply = 1001 s m 7 3 11000000~*
2024-03-05 18:54:34.603 :: INFO     :: sent = 1001 s m 7 2 500000
2024-03-05 18:54:34.622 :: INFO     :: reply = 1001 s m 7 2 500000~*
2024-03-05 18:54:34.665 :: INFO     :: sent = 1001 s m 11 5 6000000
2024-03-05 18:54:34.684 :: INFO     :: reply = 1001 s m 11 5 6000000~*
2024-03-05 18:54:34.727 :: INFO     :: sent = 1001 s m 11 4 2
2024-03-05 18:54:34.746 :: INFO     :: reply = 1001 s m 11 4 2~*
2024-03-05 18:54:34.789 :: INFO     :: sent = 1001 s m 11 2 2
2024-03-05 18:54:34.808 :: INFO     :: reply = 1001 s m 11 2 2~*
2024-03-05 18:54:34.850 :: INFO     :: sent = 1001 s m 11 6 200
2024-03-05 18:54:34.869 :: INFO     :: reply = 1001 s m 11 6 200~*
2024-03-05 18:54:34.909 :: INFO     :: sent = 1001 s m 11 8 50
2024-03-05 18:54:34.929 :: INFO     :: reply = 1001 s m 11 8 50~*
2024-03-05 18:54:34.972 :: INFO     :: sent = 1001 s m 11 9 800
2024-03-05 18:54:34.992 :: INFO     :: reply = 1001 s m 11 9 800~*
2024-03-05 18:54:35.031 :: INFO     :: sent = 1001 s m 11 7 2000
2024-03-05 18:54:35.051 :: INFO     :: reply = 1001 s m 11 7 2000~*
2024-03-05 18:54:35.093 :: INFO     :: sent = 1001 s m 11 10 -500
2024-03-05 18:54:35.113 :: INFO     :: reply = 1001 s m 11 10 -500~*
2024-03-05 18:54:35.430 :: INFO     :: sent = 1001 s a run
2024-03-05 18:54:35.449 :: INFO     :: reply = 1001 s a run~*
2024-03-05 18:54:35.996 :: INFO     :: Started Intan Recording
2024-03-05 18:54:36.178 :: INFO     :: Started SAGA recording (Max/Max_2024_03_05/Max_2024_03_05_STIM_%s_10)
2024-03-05 18:54:36.197 :: INFO     :: Begin Stimulation
2024-03-05 18:54:36.300 :: INFO     :: sent = 1001 s t one
2024-03-05 18:54:36.320 :: INFO     :: reply = 1001 s t one~*
2024-03-05 18:54:47.363 :: INFO     :: Stopped SAGA recording (Block = 10)
2024-03-05 18:54:47.394 :: INFO     :: Stopped Intan
2024-03-05 18:57:31.844 :: INFO     :: IntensityOrder = 2000
2024-03-05 18:57:31.867 :: INFO     :: Stim = 2000 uA
2024-03-05 18:57:49.147 :: INFO     :: IntensityOrder = 2000
2024-03-05 18:57:49.167 :: INFO     :: Stim = 2000 uA
2024-03-05 18:59:10.171 :: INFO     :: Updated Filename = Max/Max_2024_03_05/Max_2024_03_05_STIM_%s_0
2024-03-05 18:59:10.230 :: INFO     :: Model 4100 Ready for commands
2024-03-05 18:59:10.337 :: INFO     :: sent = 1001 s a stop
2024-03-05 18:59:10.353 :: INFO     :: reply = 1001 s a stop~*
2024-03-05 18:59:10.382 :: INFO     :: Send= get rev 

2024-03-05 18:59:10.415 :: INFO     :: Reply= get rev
M3,F2
*
 

2024-03-05 18:59:10.460 :: INFO     :: sent = get active
2024-03-05 18:59:10.477 :: INFO     :: reply = get active~Ready low output~*
2024-03-05 18:59:10.521 :: INFO     :: sent = g n
2024-03-05 18:59:10.538 :: INFO     :: reply = g n~192.168.88.150~255.255.255.0~192.168.88.1~*
2024-03-05 18:59:10.582 :: INFO     :: sent = g r
2024-03-05 18:59:10.598 :: INFO     :: reply = g r~M3,F2~*
2024-03-05 18:59:10.626 :: INFO     :: IntensityOrder =  800, 1000, 2000, 1600, 1200,  600, 1800, 1400,  200,  400
2024-03-05 18:59:10.642 :: INFO     :: Stim = 800 uA
2024-03-05 18:59:10.689 :: INFO     :: sent = 1001 s a stop
2024-03-05 18:59:10.706 :: INFO     :: reply = 1001 s a stop~*
2024-03-05 18:59:10.752 :: INFO     :: sent = 1001 s m 0 0 1
2024-03-05 18:59:10.768 :: INFO     :: reply = 1001 s m 0 0 1~*
2024-03-05 18:59:10.813 :: INFO     :: sent = 1001 s m 0 1 6
2024-03-05 18:59:10.829 :: INFO     :: reply = 1001 s m 0 1 6~*
2024-03-05 18:59:10.875 :: INFO     :: sent = 1001 s m 4 0 1
2024-03-05 18:59:10.891 :: INFO     :: reply = 1001 s m 4 0 1~*
2024-03-05 18:59:10.937 :: INFO     :: sent = 1001 s m 7 0
2024-03-05 18:59:10.953 :: INFO     :: reply = 1001 s m 7 0~*
2024-03-05 18:59:10.998 :: INFO     :: sent = 1001 s m 7 4 1
2024-03-05 18:59:11.014 :: INFO     :: reply = 1001 s m 7 4 1~*
2024-03-05 18:59:11.058 :: INFO     :: sent = 1001 s m 7 3 26500000
2024-03-05 18:59:11.075 :: INFO     :: reply = 1001 s m 7 3 26500000~*
2024-03-05 18:59:11.119 :: INFO     :: sent = 1001 s m 7 2 21500000
2024-03-05 18:59:11.135 :: INFO     :: reply = 1001 s m 7 2 21500000~*
2024-03-05 18:59:11.181 :: INFO     :: sent = 1001 s m 11 5 1500000
2024-03-05 18:59:11.197 :: INFO     :: reply = 1001 s m 11 5 1500000~*
2024-03-05 18:59:11.243 :: INFO     :: sent = 1001 s m 11 4 10
2024-03-05 18:59:11.260 :: INFO     :: reply = 1001 s m 11 4 10~*
2024-03-05 18:59:11.304 :: INFO     :: sent = 1001 s m 11 2 2
2024-03-05 18:59:11.320 :: INFO     :: reply = 1001 s m 11 2 2~*
2024-03-05 18:59:11.366 :: INFO     :: sent = 1001 s m 11 6 200
2024-03-05 18:59:11.382 :: INFO     :: reply = 1001 s m 11 6 200~*
2024-03-05 18:59:11.427 :: INFO     :: sent = 1001 s m 11 8 50
2024-03-05 18:59:11.443 :: INFO     :: reply = 1001 s m 11 8 50~*
2024-03-05 18:59:11.490 :: INFO     :: sent = 1001 s m 11 9 800
2024-03-05 18:59:11.507 :: INFO     :: reply = 1001 s m 11 9 800~*
2024-03-05 18:59:11.552 :: INFO     :: sent = 1001 s m 11 7 800
2024-03-05 18:59:11.568 :: INFO     :: reply = 1001 s m 11 7 800~*
2024-03-05 18:59:11.613 :: INFO     :: sent = 1001 s m 11 10 -200
2024-03-05 18:59:11.629 :: INFO     :: reply = 1001 s m 11 10 -200~*
2024-03-05 18:59:11.797 :: INFO     :: sent = 1001 s a run
2024-03-05 18:59:11.813 :: INFO     :: reply = 1001 s a run~*
2024-03-05 18:59:12.350 :: INFO     :: Started Intan Recording
2024-03-05 18:59:12.534 :: INFO     :: Started SAGA recording (Max/Max_2024_03_05/Max_2024_03_05_STIM_%s_0)
2024-03-05 18:59:12.550 :: INFO     :: Begin Stimulation
2024-03-05 18:59:12.596 :: INFO     :: sent = 1001 s t one
2024-03-05 18:59:12.612 :: INFO     :: reply = 1001 s t one~*
2024-03-05 18:59:39.153 :: INFO     :: Stopped SAGA recording (Block = 0)
2024-03-05 18:59:39.184 :: INFO     :: Stopped Intan
2024-03-05 18:59:39.201 :: INFO     :: Stim = 1000 uA
2024-03-05 18:59:39.370 :: INFO     :: sent = 1001 s a stop
2024-03-05 18:59:39.386 :: INFO     :: reply = 1001 s a stop~*
2024-03-05 18:59:39.430 :: INFO     :: sent = 1001 s m 0 0 1
2024-03-05 18:59:39.448 :: INFO     :: reply = 1001 s m 0 0 1~*
2024-03-05 18:59:39.491 :: INFO     :: sent = 1001 s m 0 1 6
2024-03-05 18:59:39.508 :: INFO     :: reply = 1001 s m 0 1 6~*
2024-03-05 18:59:39.553 :: INFO     :: sent = 1001 s m 4 0 1
2024-03-05 18:59:39.569 :: INFO     :: reply = 1001 s m 4 0 1~*
2024-03-05 18:59:39.616 :: INFO     :: sent = 1001 s m 7 0
2024-03-05 18:59:39.632 :: INFO     :: reply = 1001 s m 7 0~*
2024-03-05 18:59:39.676 :: INFO     :: sent = 1001 s m 7 4 1
2024-03-05 18:59:39.693 :: INFO     :: reply = 1001 s m 7 4 1~*
2024-03-05 18:59:39.738 :: INFO     :: sent = 1001 s m 7 3 26500000
2024-03-05 18:59:39.754 :: INFO     :: reply = 1001 s m 7 3 26500000~*
2024-03-05 18:59:39.798 :: INFO     :: sent = 1001 s m 7 2 21500000
2024-03-05 18:59:39.815 :: INFO     :: reply = 1001 s m 7 2 21500000~*
2024-03-05 18:59:39.862 :: INFO     :: sent = 1001 s m 11 5 1500000
2024-03-05 18:59:39.879 :: INFO     :: reply = 1001 s m 11 5 1500000~*
2024-03-05 18:59:39.924 :: INFO     :: sent = 1001 s m 11 4 10
2024-03-05 18:59:39.941 :: INFO     :: reply = 1001 s m 11 4 10~*
2024-03-05 18:59:39.985 :: INFO     :: sent = 1001 s m 11 2 2
2024-03-05 18:59:40.002 :: INFO     :: reply = 1001 s m 11 2 2~*
2024-03-05 18:59:40.047 :: INFO     :: sent = 1001 s m 11 6 200
2024-03-05 18:59:40.064 :: INFO     :: reply = 1001 s m 11 6 200~*
2024-03-05 18:59:40.109 :: INFO     :: sent = 1001 s m 11 8 50
2024-03-05 18:59:40.126 :: INFO     :: reply = 1001 s m 11 8 50~*
2024-03-05 18:59:40.170 :: INFO     :: sent = 1001 s m 11 9 800
2024-03-05 18:59:40.186 :: INFO     :: reply = 1001 s m 11 9 800~*
2024-03-05 18:59:40.232 :: INFO     :: sent = 1001 s m 11 7 1000
2024-03-05 18:59:40.249 :: INFO     :: reply = 1001 s m 11 7 1000~*
2024-03-05 18:59:40.295 :: INFO     :: sent = 1001 s m 11 10 -250
2024-03-05 18:59:40.312 :: INFO     :: reply = 1001 s m 11 10 -250~*
2024-03-05 18:59:40.480 :: INFO     :: sent = 1001 s a run
2024-03-05 18:59:40.497 :: INFO     :: reply = 1001 s a run~*
2024-03-05 18:59:41.036 :: INFO     :: Started Intan Recording
2024-03-05 18:59:41.222 :: INFO     :: Started SAGA recording (Max/Max_2024_03_05/Max_2024_03_05_STIM_%s_1)
2024-03-05 18:59:41.238 :: INFO     :: Begin Stimulation
2024-03-05 18:59:41.284 :: INFO     :: sent = 1001 s t one
2024-03-05 18:59:41.300 :: INFO     :: reply = 1001 s t one~*
2024-03-05 19:00:07.839 :: INFO     :: Stopped SAGA recording (Block = 1)
2024-03-05 19:00:07.870 :: INFO     :: Stopped Intan
2024-03-05 19:03:30.203 :: INFO     :: IntensityOrder =  600,  800,  400, 1400, 1200, 2000, 1800, 1000, 1600,  200
2024-03-05 19:03:30.221 :: INFO     :: Stim = 600 uA
2024-03-05 19:04:02.111 :: INFO     :: Updated Filename = Max/Max_2024_03_05/Max_2024_03_05_STIM_%s_0
2024-03-05 19:04:02.195 :: INFO     :: Model 4100 Ready for commands
2024-03-05 19:04:02.392 :: INFO     :: sent = 1001 s a stop
2024-03-05 19:04:02.429 :: INFO     :: reply = 1001 s a stop~*
2024-03-05 19:04:02.476 :: INFO     :: Send= get rev 

2024-03-05 19:04:02.537 :: INFO     :: Reply= get rev
M3,F2
*
 

2024-03-05 19:04:02.584 :: INFO     :: sent = get active
2024-03-05 19:04:02.600 :: INFO     :: reply = get active~Ready low output~*
2024-03-05 19:04:02.651 :: INFO     :: sent = g n
2024-03-05 19:04:02.669 :: INFO     :: reply = g n~192.168.88.150~255.255.255.0~192.168.88.1~*
2024-03-05 19:04:02.722 :: INFO     :: sent = g r
2024-03-05 19:04:02.738 :: INFO     :: reply = g r~M3,F2~*
2024-03-05 19:04:02.784 :: INFO     :: IntensityOrder = 1600, 1400,  400, 1000, 1800, 1200,  800,  600, 2000,  200
2024-03-05 19:04:02.801 :: INFO     :: Stim = 1600 uA
2024-03-05 19:04:02.859 :: INFO     :: sent = 1001 s a stop
2024-03-05 19:04:02.875 :: INFO     :: reply = 1001 s a stop~*
2024-03-05 19:04:02.918 :: INFO     :: sent = 1001 s m 0 0 1
2024-03-05 19:04:02.934 :: INFO     :: reply = 1001 s m 0 0 1~*
2024-03-05 19:04:02.978 :: INFO     :: sent = 1001 s m 0 1 6
2024-03-05 19:04:02.994 :: INFO     :: reply = 1001 s m 0 1 6~*
2024-03-05 19:04:03.039 :: INFO     :: sent = 1001 s m 4 0 1
2024-03-05 19:04:03.056 :: INFO     :: reply = 1001 s m 4 0 1~*
2024-03-05 19:04:03.103 :: INFO     :: sent = 1001 s m 7 0
2024-03-05 19:04:03.120 :: INFO     :: reply = 1001 s m 7 0~*
2024-03-05 19:04:03.163 :: INFO     :: sent = 1001 s m 7 4 1
2024-03-05 19:04:03.179 :: INFO     :: reply = 1001 s m 7 4 1~*
2024-03-05 19:04:03.224 :: INFO     :: sent = 1001 s m 7 3 26500000
2024-03-05 19:04:03.240 :: INFO     :: reply = 1001 s m 7 3 26500000~*
2024-03-05 19:04:03.283 :: INFO     :: sent = 1001 s m 7 2 21500000
2024-03-05 19:04:03.300 :: INFO     :: reply = 1001 s m 7 2 21500000~*
2024-03-05 19:04:03.346 :: INFO     :: sent = 1001 s m 10 5 1500000
2024-03-05 19:04:03.362 :: INFO     :: reply = 1001 s m 10 5 1500000~*
2024-03-05 19:04:03.409 :: INFO     :: sent = 1001 s m 10 4 10
2024-03-05 19:04:03.425 :: INFO     :: reply = 1001 s m 10 4 10~*
2024-03-05 19:04:03.468 :: INFO     :: sent = 1001 s m 10 2 2
2024-03-05 19:04:03.485 :: INFO     :: reply = 1001 s m 10 2 2~*
2024-03-05 19:04:03.529 :: INFO     :: sent = 1001 s m 10 6 200
2024-03-05 19:04:03.546 :: INFO     :: reply = 1001 s m 10 6 200~*
2024-03-05 19:04:03.591 :: INFO     :: sent = 1001 s m 11 8 50
2024-03-05 19:04:03.608 :: INFO     :: reply = 1001 s m 11 8 50~*
2024-03-05 19:04:03.652 :: INFO     :: sent = 1001 s m 10 9 800
2024-03-05 19:04:03.669 :: INFO     :: reply = 1001 s m 10 9 800~*
2024-03-05 19:04:03.713 :: INFO     :: sent = 1001 s m 10 7 1600
2024-03-05 19:04:03.730 :: INFO     :: reply = 1001 s m 10 7 1600~*
2024-03-05 19:04:03.774 :: INFO     :: sent = 1001 s m 10 10 -400
2024-03-05 19:04:03.790 :: INFO     :: reply = 1001 s m 10 10 -400~*
2024-03-05 19:04:03.958 :: INFO     :: sent = 1001 s a run
2024-03-05 19:04:03.974 :: INFO     :: reply = 1001 s a run~*
2024-03-05 19:04:04.510 :: INFO     :: Started Intan Recording
2024-03-05 19:04:04.712 :: INFO     :: Started SAGA recording (Max/Max_2024_03_05/Max_2024_03_05_STIM_%s_0)
2024-03-05 19:04:04.728 :: INFO     :: Begin Stimulation
2024-03-05 19:04:04.772 :: INFO     :: sent = 1001 s t one
2024-03-05 19:04:04.789 :: INFO     :: reply = 1001 s t one~*
2024-03-05 19:04:31.350 :: INFO     :: Stopped SAGA recording (Block = 0)
2024-03-05 19:04:31.380 :: INFO     :: Stopped Intan
2024-03-05 19:04:31.399 :: INFO     :: Stim = 1400 uA
2024-03-05 19:04:31.566 :: INFO     :: sent = 1001 s a stop
2024-03-05 19:04:31.584 :: INFO     :: reply = 1001 s a stop~*
2024-03-05 19:04:31.628 :: INFO     :: sent = 1001 s m 0 0 1
2024-03-05 19:04:31.648 :: INFO     :: reply = 1001 s m 0 0 1~*
2024-03-05 19:04:31.689 :: INFO     :: sent = 1001 s m 0 1 6
2024-03-05 19:04:31.708 :: INFO     :: reply = 1001 s m 0 1 6~*
2024-03-05 19:04:31.750 :: INFO     :: sent = 1001 s m 4 0 1
2024-03-05 19:04:31.768 :: INFO     :: reply = 1001 s m 4 0 1~*
2024-03-05 19:04:31.813 :: INFO     :: sent = 1001 s m 7 0
2024-03-05 19:04:31.832 :: INFO     :: reply = 1001 s m 7 0~*
2024-03-05 19:04:31.873 :: INFO     :: sent = 1001 s m 7 4 1
2024-03-05 19:04:31.891 :: INFO     :: reply = 1001 s m 7 4 1~*
2024-03-05 19:04:31.933 :: INFO     :: sent = 1001 s m 7 3 26500000
2024-03-05 19:04:31.951 :: INFO     :: reply = 1001 s m 7 3 26500000~*
2024-03-05 19:04:31.994 :: INFO     :: sent = 1001 s m 7 2 21500000
2024-03-05 19:04:32.014 :: INFO     :: reply = 1001 s m 7 2 21500000~*
2024-03-05 19:04:32.055 :: INFO     :: sent = 1001 s m 10 5 1500000
2024-03-05 19:04:32.073 :: INFO     :: reply = 1001 s m 10 5 1500000~*
2024-03-05 19:04:32.117 :: INFO     :: sent = 1001 s m 10 4 10
2024-03-05 19:04:32.134 :: INFO     :: reply = 1001 s m 10 4 10~*
2024-03-05 19:04:32.178 :: INFO     :: sent = 1001 s m 10 2 2
2024-03-05 19:04:32.195 :: INFO     :: reply = 1001 s m 10 2 2~*
2024-03-05 19:04:32.238 :: INFO     :: sent = 1001 s m 10 6 200
2024-03-05 19:04:32.255 :: INFO     :: reply = 1001 s m 10 6 200~*
2024-03-05 19:04:32.298 :: INFO     :: sent = 1001 s m 11 8 50
2024-03-05 19:04:32.315 :: INFO     :: reply = 1001 s m 11 8 50~*
2024-03-05 19:04:32.361 :: INFO     :: sent = 1001 s m 10 9 800
2024-03-05 19:04:32.378 :: INFO     :: reply = 1001 s m 10 9 800~*
2024-03-05 19:04:32.422 :: INFO     :: sent = 1001 s m 10 7 1400
2024-03-05 19:04:32.439 :: INFO     :: reply = 1001 s m 10 7 1400~*
2024-03-05 19:04:32.483 :: INFO     :: sent = 1001 s m 10 10 -350
2024-03-05 19:04:32.500 :: INFO     :: reply = 1001 s m 10 10 -350~*
2024-03-05 19:04:32.667 :: INFO     :: sent = 1001 s a run
2024-03-05 19:04:32.685 :: INFO     :: reply = 1001 s a run~*
2024-03-05 19:04:33.226 :: INFO     :: Started Intan Recording
2024-03-05 19:04:33.409 :: INFO     :: Started SAGA recording (Max/Max_2024_03_05/Max_2024_03_05_STIM_%s_1)
2024-03-05 19:04:33.425 :: INFO     :: Begin Stimulation
2024-03-05 19:04:33.472 :: INFO     :: sent = 1001 s t one
2024-03-05 19:04:33.489 :: INFO     :: reply = 1001 s t one~*
2024-03-05 19:05:00.048 :: INFO     :: Stopped SAGA recording (Block = 1)
2024-03-05 19:05:00.078 :: INFO     :: Stopped Intan
2024-03-05 19:05:00.095 :: INFO     :: Stim = 400 uA
2024-03-05 19:05:00.263 :: INFO     :: sent = 1001 s a stop
2024-03-05 19:05:00.280 :: INFO     :: reply = 1001 s a stop~*
2024-03-05 19:05:00.325 :: INFO     :: sent = 1001 s m 0 0 1
2024-03-05 19:05:00.342 :: INFO     :: reply = 1001 s m 0 0 1~*
2024-03-05 19:05:00.385 :: INFO     :: sent = 1001 s m 0 1 6
2024-03-05 19:05:00.402 :: INFO     :: reply = 1001 s m 0 1 6~*
2024-03-05 19:05:00.446 :: INFO     :: sent = 1001 s m 4 0 1
2024-03-05 19:05:00.463 :: INFO     :: reply = 1001 s m 4 0 1~*
2024-03-05 19:05:00.509 :: INFO     :: sent = 1001 s m 7 0
2024-03-05 19:05:00.527 :: INFO     :: reply = 1001 s m 7 0~*
2024-03-05 19:05:00.570 :: INFO     :: sent = 1001 s m 7 4 1
2024-03-05 19:05:00.586 :: INFO     :: reply = 1001 s m 7 4 1~*
2024-03-05 19:05:00.631 :: INFO     :: sent = 1001 s m 7 3 26500000
2024-03-05 19:05:00.648 :: INFO     :: reply = 1001 s m 7 3 26500000~*
2024-03-05 19:05:00.692 :: INFO     :: sent = 1001 s m 7 2 21500000
2024-03-05 19:05:00.709 :: INFO     :: reply = 1001 s m 7 2 21500000~*
2024-03-05 19:05:00.754 :: INFO     :: sent = 1001 s m 10 5 1500000
2024-03-05 19:05:00.771 :: INFO     :: reply = 1001 s m 10 5 1500000~*
2024-03-05 19:05:00.816 :: INFO     :: sent = 1001 s m 10 4 10
2024-03-05 19:05:00.833 :: INFO     :: reply = 1001 s m 10 4 10~*
2024-03-05 19:05:00.877 :: INFO     :: sent = 1001 s m 10 2 2
2024-03-05 19:05:00.894 :: INFO     :: reply = 1001 s m 10 2 2~*
2024-03-05 19:05:00.939 :: INFO     :: sent = 1001 s m 10 6 200
2024-03-05 19:05:00.956 :: INFO     :: reply = 1001 s m 10 6 200~*
2024-03-05 19:05:01.001 :: INFO     :: sent = 1001 s m 11 8 50
2024-03-05 19:05:01.018 :: INFO     :: reply = 1001 s m 11 8 50~*
2024-03-05 19:05:01.061 :: INFO     :: sent = 1001 s m 10 9 800
2024-03-05 19:05:01.078 :: INFO     :: reply = 1001 s m 10 9 800~*
2024-03-05 19:05:01.123 :: INFO     :: sent = 1001 s m 10 7 400
2024-03-05 19:05:01.140 :: INFO     :: reply = 1001 s m 10 7 400~*
2024-03-05 19:05:01.185 :: INFO     :: sent = 1001 s m 10 10 -100
2024-03-05 19:05:01.203 :: INFO     :: reply = 1001 s m 10 10 -100~*
2024-03-05 19:05:01.370 :: INFO     :: sent = 1001 s a run
2024-03-05 19:05:01.387 :: INFO     :: reply = 1001 s a run~*
2024-03-05 19:05:01.924 :: INFO     :: Started Intan Recording
2024-03-05 19:05:02.107 :: INFO     :: Started SAGA recording (Max/Max_2024_03_05/Max_2024_03_05_STIM_%s_2)
2024-03-05 19:05:02.124 :: INFO     :: Begin Stimulation
2024-03-05 19:05:02.169 :: INFO     :: sent = 1001 s t one
2024-03-05 19:05:02.186 :: INFO     :: reply = 1001 s t one~*
2024-03-05 19:05:28.724 :: INFO     :: Stopped SAGA recording (Block = 2)
2024-03-05 19:05:28.756 :: INFO     :: Stopped Intan
2024-03-05 19:05:28.786 :: INFO     :: Stim = 1000 uA
2024-03-05 19:05:28.956 :: INFO     :: sent = 1001 s a stop
2024-03-05 19:05:28.973 :: INFO     :: reply = 1001 s a stop~*
2024-03-05 19:05:29.017 :: INFO     :: sent = 1001 s m 0 0 1
2024-03-05 19:05:29.033 :: INFO     :: reply = 1001 s m 0 0 1~*
2024-03-05 19:05:29.079 :: INFO     :: sent = 1001 s m 0 1 6
2024-03-05 19:05:29.096 :: INFO     :: reply = 1001 s m 0 1 6~*
2024-03-05 19:05:29.140 :: INFO     :: sent = 1001 s m 4 0 1
2024-03-05 19:05:29.157 :: INFO     :: reply = 1001 s m 4 0 1~*
2024-03-05 19:05:29.201 :: INFO     :: sent = 1001 s m 7 0
2024-03-05 19:05:29.218 :: INFO     :: reply = 1001 s m 7 0~*
2024-03-05 19:05:29.264 :: INFO     :: sent = 1001 s m 7 4 1
2024-03-05 19:05:29.281 :: INFO     :: reply = 1001 s m 7 4 1~*
2024-03-05 19:05:29.324 :: INFO     :: sent = 1001 s m 7 3 26500000
2024-03-05 19:05:29.343 :: INFO     :: reply = 1001 s m 7 3 26500000~*
2024-03-05 19:05:29.385 :: INFO     :: sent = 1001 s m 7 2 21500000
2024-03-05 19:05:29.402 :: INFO     :: reply = 1001 s m 7 2 21500000~*
2024-03-05 19:05:29.446 :: INFO     :: sent = 1001 s m 10 5 1500000
2024-03-05 19:05:29.463 :: INFO     :: reply = 1001 s m 10 5 1500000~*
2024-03-05 19:05:29.507 :: INFO     :: sent = 1001 s m 10 4 10
2024-03-05 19:05:29.524 :: INFO     :: reply = 1001 s m 10 4 10~*
2024-03-05 19:05:29.568 :: INFO     :: sent = 1001 s m 10 2 2
2024-03-05 19:05:29.585 :: INFO     :: reply = 1001 s m 10 2 2~*
2024-03-05 19:05:29.631 :: INFO     :: sent = 1001 s m 10 6 200
2024-03-05 19:05:29.648 :: INFO     :: reply = 1001 s m 10 6 200~*
2024-03-05 19:05:29.685 :: INFO     :: sent = 1001 s m 11 8 50
2024-03-05 19:05:29.702 :: INFO     :: reply = 1001 s m 11 8 50~*
2024-03-05 19:05:29.747 :: INFO     :: sent = 1001 s m 10 9 800
2024-03-05 19:05:29.765 :: INFO     :: reply = 1001 s m 10 9 800~*
2024-03-05 19:05:29.807 :: INFO     :: sent = 1001 s m 10 7 1000
2024-03-05 19:05:29.824 :: INFO     :: reply = 1001 s m 10 7 1000~*
2024-03-05 19:05:29.869 :: INFO     :: sent = 1001 s m 10 10 -250
2024-03-05 19:05:29.886 :: INFO     :: reply = 1001 s m 10 10 -250~*
2024-03-05 19:05:30.053 :: INFO     :: sent = 1001 s a run
2024-03-05 19:05:30.071 :: INFO     :: reply = 1001 s a run~*
2024-03-05 19:05:30.607 :: INFO     :: Started Intan Recording
2024-03-05 19:05:30.791 :: INFO     :: Started SAGA recording (Max/Max_2024_03_05/Max_2024_03_05_STIM_%s_3)
2024-03-05 19:05:30.808 :: INFO     :: Begin Stimulation
2024-03-05 19:05:30.852 :: INFO     :: sent = 1001 s t one
2024-03-05 19:05:30.869 :: INFO     :: reply = 1001 s t one~*
2024-03-05 19:05:57.421 :: INFO     :: Stopped SAGA recording (Block = 3)
2024-03-05 19:05:57.450 :: INFO     :: Stopped Intan
2024-03-05 19:05:57.469 :: INFO     :: Stim = 1800 uA
2024-03-05 19:05:57.637 :: INFO     :: sent = 1001 s a stop
2024-03-05 19:05:57.655 :: INFO     :: reply = 1001 s a stop~*
2024-03-05 19:05:57.699 :: INFO     :: sent = 1001 s m 0 0 1
2024-03-05 19:05:57.717 :: INFO     :: reply = 1001 s m 0 0 1~*
2024-03-05 19:05:57.758 :: INFO     :: sent = 1001 s m 0 1 6
2024-03-05 19:05:57.776 :: INFO     :: reply = 1001 s m 0 1 6~*
2024-03-05 19:05:57.821 :: INFO     :: sent = 1001 s m 4 0 1
2024-03-05 19:05:57.838 :: INFO     :: reply = 1001 s m 4 0 1~*
2024-03-05 19:05:57.880 :: INFO     :: sent = 1001 s m 7 0
2024-03-05 19:05:57.899 :: INFO     :: reply = 1001 s m 7 0~*
2024-03-05 19:05:57.943 :: INFO     :: sent = 1001 s m 7 4 1
2024-03-05 19:05:57.962 :: INFO     :: reply = 1001 s m 7 4 1~*
2024-03-05 19:05:58.003 :: INFO     :: sent = 1001 s m 7 3 26500000
2024-03-05 19:05:58.021 :: INFO     :: reply = 1001 s m 7 3 26500000~*
2024-03-05 19:05:58.064 :: INFO     :: sent = 1001 s m 7 2 21500000
2024-03-05 19:05:58.083 :: INFO     :: reply = 1001 s m 7 2 21500000~*
2024-03-05 19:05:58.126 :: INFO     :: sent = 1001 s m 10 5 1500000
2024-03-05 19:05:58.143 :: INFO     :: reply = 1001 s m 10 5 1500000~*
2024-03-05 19:05:58.187 :: INFO     :: sent = 1001 s m 10 4 10
2024-03-05 19:05:58.204 :: INFO     :: reply = 1001 s m 10 4 10~*
2024-03-05 19:05:58.249 :: INFO     :: sent = 1001 s m 10 2 2
2024-03-05 19:05:58.266 :: INFO     :: reply = 1001 s m 10 2 2~*
2024-03-05 19:05:58.311 :: INFO     :: sent = 1001 s m 10 6 200
2024-03-05 19:05:58.328 :: INFO     :: reply = 1001 s m 10 6 200~*
2024-03-05 19:05:58.372 :: INFO     :: sent = 1001 s m 11 8 50
2024-03-05 19:05:58.389 :: INFO     :: reply = 1001 s m 11 8 50~*
2024-03-05 19:05:58.432 :: INFO     :: sent = 1001 s m 10 9 800
2024-03-05 19:05:58.450 :: INFO     :: reply = 1001 s m 10 9 800~*
2024-03-05 19:05:58.495 :: INFO     :: sent = 1001 s m 10 7 1800
2024-03-05 19:05:58.513 :: INFO     :: reply = 1001 s m 10 7 1800~*
2024-03-05 19:05:58.556 :: INFO     :: sent = 1001 s m 10 10 -450
2024-03-05 19:05:58.573 :: INFO     :: reply = 1001 s m 10 10 -450~*
2024-03-05 19:05:58.741 :: INFO     :: sent = 1001 s a run
2024-03-05 19:05:58.759 :: INFO     :: reply = 1001 s a run~*
2024-03-05 19:05:59.294 :: INFO     :: Started Intan Recording
2024-03-05 19:05:59.479 :: INFO     :: Started SAGA recording (Max/Max_2024_03_05/Max_2024_03_05_STIM_%s_4)
2024-03-05 19:05:59.499 :: INFO     :: Begin Stimulation
2024-03-05 19:05:59.540 :: INFO     :: sent = 1001 s t one
2024-03-05 19:05:59.557 :: INFO     :: reply = 1001 s t one~*
2024-03-05 19:06:26.124 :: INFO     :: Stopped SAGA recording (Block = 4)
2024-03-05 19:06:26.155 :: INFO     :: Stopped Intan
2024-03-05 19:06:26.176 :: INFO     :: Stim = 1200 uA
2024-03-05 19:06:26.339 :: INFO     :: sent = 1001 s a stop
2024-03-05 19:06:26.357 :: INFO     :: reply = 1001 s a stop~*
2024-03-05 19:06:26.402 :: INFO     :: sent = 1001 s m 0 0 1
2024-03-05 19:06:26.419 :: INFO     :: reply = 1001 s m 0 0 1~*
2024-03-05 19:06:26.463 :: INFO     :: sent = 1001 s m 0 1 6
2024-03-05 19:06:26.482 :: INFO     :: reply = 1001 s m 0 1 6~*
2024-03-05 19:06:26.525 :: INFO     :: sent = 1001 s m 4 0 1
2024-03-05 19:06:26.543 :: INFO     :: reply = 1001 s m 4 0 1~*
2024-03-05 19:06:26.585 :: INFO     :: sent = 1001 s m 7 0
2024-03-05 19:06:26.603 :: INFO     :: reply = 1001 s m 7 0~*
2024-03-05 19:06:26.647 :: INFO     :: sent = 1001 s m 7 4 1
2024-03-05 19:06:26.665 :: INFO     :: reply = 1001 s m 7 4 1~*
2024-03-05 19:06:26.707 :: INFO     :: sent = 1001 s m 7 3 26500000
2024-03-05 19:06:26.725 :: INFO     :: reply = 1001 s m 7 3 26500000~*
2024-03-05 19:06:26.769 :: INFO     :: sent = 1001 s m 7 2 21500000
2024-03-05 19:06:26.788 :: INFO     :: reply = 1001 s m 7 2 21500000~*
2024-03-05 19:06:26.831 :: INFO     :: sent = 1001 s m 10 5 1500000
2024-03-05 19:06:26.849 :: INFO     :: reply = 1001 s m 10 5 1500000~*
2024-03-05 19:06:26.893 :: INFO     :: sent = 1001 s m 10 4 10
2024-03-05 19:06:26.910 :: INFO     :: reply = 1001 s m 10 4 10~*
2024-03-05 19:06:26.954 :: INFO     :: sent = 1001 s m 10 2 2
2024-03-05 19:06:26.971 :: INFO     :: reply = 1001 s m 10 2 2~*
2024-03-05 19:06:27.016 :: INFO     :: sent = 1001 s m 10 6 200
2024-03-05 19:06:27.033 :: INFO     :: reply = 1001 s m 10 6 200~*
2024-03-05 19:06:27.077 :: INFO     :: sent = 1001 s m 11 8 50
2024-03-05 19:06:27.094 :: INFO     :: reply = 1001 s m 11 8 50~*
2024-03-05 19:06:27.138 :: INFO     :: sent = 1001 s m 10 9 800
2024-03-05 19:06:27.155 :: INFO     :: reply = 1001 s m 10 9 800~*
2024-03-05 19:06:27.200 :: INFO     :: sent = 1001 s m 10 7 1200
2024-03-05 19:06:27.217 :: INFO     :: reply = 1001 s m 10 7 1200~*
2024-03-05 19:06:27.262 :: INFO     :: sent = 1001 s m 10 10 -300
2024-03-05 19:06:27.278 :: INFO     :: reply = 1001 s m 10 10 -300~*
2024-03-05 19:06:27.446 :: INFO     :: sent = 1001 s a run
2024-03-05 19:06:27.464 :: INFO     :: reply = 1001 s a run~*
2024-03-05 19:06:27.999 :: INFO     :: Started Intan Recording
2024-03-05 19:06:28.186 :: INFO     :: Started SAGA recording (Max/Max_2024_03_05/Max_2024_03_05_STIM_%s_5)
2024-03-05 19:06:28.203 :: INFO     :: Begin Stimulation
2024-03-05 19:06:28.247 :: INFO     :: sent = 1001 s t one
2024-03-05 19:06:28.265 :: INFO     :: reply = 1001 s t one~*
2024-03-05 19:06:54.816 :: INFO     :: Stopped SAGA recording (Block = 5)
2024-03-05 19:06:54.844 :: INFO     :: Stopped Intan
2024-03-05 19:06:54.863 :: INFO     :: Stim = 800 uA
2024-03-05 19:06:55.030 :: INFO     :: sent = 1001 s a stop
2024-03-05 19:06:55.048 :: INFO     :: reply = 1001 s a stop~*
2024-03-05 19:06:55.090 :: INFO     :: sent = 1001 s m 0 0 1
2024-03-05 19:06:55.109 :: INFO     :: reply = 1001 s m 0 0 1~*
2024-03-05 19:06:55.153 :: INFO     :: sent = 1001 s m 0 1 6
2024-03-05 19:06:55.175 :: INFO     :: reply = 1001 s m 0 1 6~*
2024-03-05 19:06:55.214 :: INFO     :: sent = 1001 s m 4 0 1
2024-03-05 19:06:55.232 :: INFO     :: reply = 1001 s m 4 0 1~*
2024-03-05 19:06:55.276 :: INFO     :: sent = 1001 s m 7 0
2024-03-05 19:06:55.294 :: INFO     :: reply = 1001 s m 7 0~*
2024-03-05 19:06:55.337 :: INFO     :: sent = 1001 s m 7 4 1
2024-03-05 19:06:55.355 :: INFO     :: reply = 1001 s m 7 4 1~*
2024-03-05 19:06:55.399 :: INFO     :: sent = 1001 s m 7 3 26500000
2024-03-05 19:06:55.418 :: INFO     :: reply = 1001 s m 7 3 26500000~*
2024-03-05 19:06:55.459 :: INFO     :: sent = 1001 s m 7 2 21500000
2024-03-05 19:06:55.477 :: INFO     :: reply = 1001 s m 7 2 21500000~*
2024-03-05 19:06:55.521 :: INFO     :: sent = 1001 s m 10 5 1500000
2024-03-05 19:06:55.539 :: INFO     :: reply = 1001 s m 10 5 1500000~*
2024-03-05 19:06:55.584 :: INFO     :: sent = 1001 s m 10 4 10
2024-03-05 19:06:55.603 :: INFO     :: reply = 1001 s m 10 4 10~*
2024-03-05 19:06:55.645 :: INFO     :: sent = 1001 s m 10 2 2
2024-03-05 19:06:55.663 :: INFO     :: reply = 1001 s m 10 2 2~*
2024-03-05 19:06:55.707 :: INFO     :: sent = 1001 s m 10 6 200
2024-03-05 19:06:55.725 :: INFO     :: reply = 1001 s m 10 6 200~*
2024-03-05 19:06:55.768 :: INFO     :: sent = 1001 s m 11 8 50
2024-03-05 19:06:55.787 :: INFO     :: reply = 1001 s m 11 8 50~*
2024-03-05 19:06:55.830 :: INFO     :: sent = 1001 s m 10 9 800
2024-03-05 19:06:55.848 :: INFO     :: reply = 1001 s m 10 9 800~*
2024-03-05 19:06:55.891 :: INFO     :: sent = 1001 s m 10 7 800
2024-03-05 19:06:55.909 :: INFO     :: reply = 1001 s m 10 7 800~*
2024-03-05 19:06:55.953 :: INFO     :: sent = 1001 s m 10 10 -200
2024-03-05 19:06:55.973 :: INFO     :: reply = 1001 s m 10 10 -200~*
2024-03-05 19:06:56.138 :: INFO     :: sent = 1001 s a run
2024-03-05 19:06:56.156 :: INFO     :: reply = 1001 s a run~*
2024-03-05 19:06:56.690 :: INFO     :: Started Intan Recording
2024-03-05 19:06:56.876 :: INFO     :: Started SAGA recording (Max/Max_2024_03_05/Max_2024_03_05_STIM_%s_6)
2024-03-05 19:06:56.894 :: INFO     :: Begin Stimulation
2024-03-05 19:06:56.938 :: INFO     :: sent = 1001 s t one
2024-03-05 19:06:56.956 :: INFO     :: reply = 1001 s t one~*
2024-03-05 19:07:23.507 :: INFO     :: Stopped SAGA recording (Block = 6)
2024-03-05 19:07:23.537 :: INFO     :: Stopped Intan
2024-03-05 19:07:23.557 :: INFO     :: Stim = 600 uA
2024-03-05 19:07:23.723 :: INFO     :: sent = 1001 s a stop
2024-03-05 19:07:23.740 :: INFO     :: reply = 1001 s a stop~*
2024-03-05 19:07:23.784 :: INFO     :: sent = 1001 s m 0 0 1
2024-03-05 19:07:23.803 :: INFO     :: reply = 1001 s m 0 0 1~*
2024-03-05 19:07:23.845 :: INFO     :: sent = 1001 s m 0 1 6
2024-03-05 19:07:23.863 :: INFO     :: reply = 1001 s m 0 1 6~*
2024-03-05 19:07:23.908 :: INFO     :: sent = 1001 s m 4 0 1
2024-03-05 19:07:23.926 :: INFO     :: reply = 1001 s m 4 0 1~*
2024-03-05 19:07:23.969 :: INFO     :: sent = 1001 s m 7 0
2024-03-05 19:07:23.989 :: INFO     :: reply = 1001 s m 7 0~*
2024-03-05 19:07:24.030 :: INFO     :: sent = 1001 s m 7 4 1
2024-03-05 19:07:24.047 :: INFO     :: reply = 1001 s m 7 4 1~*
2024-03-05 19:07:24.092 :: INFO     :: sent = 1001 s m 7 3 26500000
2024-03-05 19:07:24.109 :: INFO     :: reply = 1001 s m 7 3 26500000~*
2024-03-05 19:07:24.153 :: INFO     :: sent = 1001 s m 7 2 21500000
2024-03-05 19:07:24.171 :: INFO     :: reply = 1001 s m 7 2 21500000~*
2024-03-05 19:07:24.214 :: INFO     :: sent = 1001 s m 10 5 1500000
2024-03-05 19:07:24.231 :: INFO     :: reply = 1001 s m 10 5 1500000~*
2024-03-05 19:07:24.276 :: INFO     :: sent = 1001 s m 10 4 10
2024-03-05 19:07:24.294 :: INFO     :: reply = 1001 s m 10 4 10~*
2024-03-05 19:07:24.338 :: INFO     :: sent = 1001 s m 10 2 2
2024-03-05 19:07:24.357 :: INFO     :: reply = 1001 s m 10 2 2~*
2024-03-05 19:07:24.400 :: INFO     :: sent = 1001 s m 10 6 200
2024-03-05 19:07:24.418 :: INFO     :: reply = 1001 s m 10 6 200~*
2024-03-05 19:07:24.463 :: INFO     :: sent = 1001 s m 11 8 50
2024-03-05 19:07:24.481 :: INFO     :: reply = 1001 s m 11 8 50~*
2024-03-05 19:07:24.523 :: INFO     :: sent = 1001 s m 10 9 800
2024-03-05 19:07:24.541 :: INFO     :: reply = 1001 s m 10 9 800~*
2024-03-05 19:07:24.585 :: INFO     :: sent = 1001 s m 10 7 600
2024-03-05 19:07:24.604 :: INFO     :: reply = 1001 s m 10 7 600~*
2024-03-05 19:07:24.646 :: INFO     :: sent = 1001 s m 10 10 -150
2024-03-05 19:07:24.664 :: INFO     :: reply = 1001 s m 10 10 -150~*
2024-03-05 19:07:24.830 :: INFO     :: sent = 1001 s a run
2024-03-05 19:07:24.848 :: INFO     :: reply = 1001 s a run~*
2024-03-05 19:07:25.389 :: INFO     :: Started Intan Recording
2024-03-05 19:07:25.573 :: INFO     :: Started SAGA recording (Max/Max_2024_03_05/Max_2024_03_05_STIM_%s_7)
2024-03-05 19:07:25.591 :: INFO     :: Begin Stimulation
2024-03-05 19:07:25.635 :: INFO     :: sent = 1001 s t one
2024-03-05 19:07:25.652 :: INFO     :: reply = 1001 s t one~*
2024-03-05 19:07:52.205 :: INFO     :: Stopped SAGA recording (Block = 7)
2024-03-05 19:07:52.233 :: INFO     :: Stopped Intan
2024-03-05 19:07:52.252 :: INFO     :: Stim = 2000 uA
2024-03-05 19:07:52.419 :: INFO     :: sent = 1001 s a stop
2024-03-05 19:07:52.439 :: INFO     :: reply = 1001 s a stop~*
2024-03-05 19:07:52.480 :: INFO     :: sent = 1001 s m 0 0 1
2024-03-05 19:07:52.499 :: INFO     :: reply = 1001 s m 0 0 1~*
2024-03-05 19:07:52.541 :: INFO     :: sent = 1001 s m 0 1 6
2024-03-05 19:07:52.564 :: INFO     :: reply = 1001 s m 0 1 6~*
2024-03-05 19:07:52.602 :: INFO     :: sent = 1001 s m 4 0 1
2024-03-05 19:07:52.622 :: INFO     :: reply = 1001 s m 4 0 1~*
2024-03-05 19:07:52.662 :: INFO     :: sent = 1001 s m 7 0
2024-03-05 19:07:52.682 :: INFO     :: reply = 1001 s m 7 0~*
2024-03-05 19:07:52.724 :: INFO     :: sent = 1001 s m 7 4 1
2024-03-05 19:07:52.745 :: INFO     :: reply = 1001 s m 7 4 1~*
2024-03-05 19:07:52.785 :: INFO     :: sent = 1001 s m 7 3 26500000
2024-03-05 19:07:52.805 :: INFO     :: reply = 1001 s m 7 3 26500000~*
2024-03-05 19:07:52.846 :: INFO     :: sent = 1001 s m 7 2 21500000
2024-03-05 19:07:52.866 :: INFO     :: reply = 1001 s m 7 2 21500000~*
2024-03-05 19:07:52.907 :: INFO     :: sent = 1001 s m 10 5 1500000
2024-03-05 19:07:52.927 :: INFO     :: reply = 1001 s m 10 5 1500000~*
2024-03-05 19:07:52.970 :: INFO     :: sent = 1001 s m 10 4 10
2024-03-05 19:07:52.989 :: INFO     :: reply = 1001 s m 10 4 10~*
2024-03-05 19:07:53.031 :: INFO     :: sent = 1001 s m 10 2 2
2024-03-05 19:07:53.050 :: INFO     :: reply = 1001 s m 10 2 2~*
2024-03-05 19:07:53.091 :: INFO     :: sent = 1001 s m 10 6 200
2024-03-05 19:07:53.111 :: INFO     :: reply = 1001 s m 10 6 200~*
2024-03-05 19:07:53.153 :: INFO     :: sent = 1001 s m 11 8 50
2024-03-05 19:07:53.172 :: INFO     :: reply = 1001 s m 11 8 50~*
2024-03-05 19:07:53.214 :: INFO     :: sent = 1001 s m 10 9 800
2024-03-05 19:07:53.232 :: INFO     :: reply = 1001 s m 10 9 800~*
2024-03-05 19:07:53.276 :: INFO     :: sent = 1001 s m 10 7 2000
2024-03-05 19:07:53.295 :: INFO     :: reply = 1001 s m 10 7 2000~*
2024-03-05 19:07:53.337 :: INFO     :: sent = 1001 s m 10 10 -500
2024-03-05 19:07:53.356 :: INFO     :: reply = 1001 s m 10 10 -500~*
2024-03-05 19:07:53.522 :: INFO     :: sent = 1001 s a run
2024-03-05 19:07:53.541 :: INFO     :: reply = 1001 s a run~*
2024-03-05 19:07:54.076 :: INFO     :: Started Intan Recording
2024-03-05 19:07:54.262 :: INFO     :: Started SAGA recording (Max/Max_2024_03_05/Max_2024_03_05_STIM_%s_8)
2024-03-05 19:07:54.280 :: INFO     :: Begin Stimulation
2024-03-05 19:07:54.324 :: INFO     :: sent = 1001 s t one
2024-03-05 19:07:54.342 :: INFO     :: reply = 1001 s t one~*
2024-03-05 19:08:20.890 :: INFO     :: Stopped SAGA recording (Block = 8)
2024-03-05 19:08:20.919 :: INFO     :: Stopped Intan
2024-03-05 19:08:20.938 :: INFO     :: Stim = 200 uA
2024-03-05 19:08:21.106 :: INFO     :: sent = 1001 s a stop
2024-03-05 19:08:21.125 :: INFO     :: reply = 1001 s a stop~*
2024-03-05 19:08:21.167 :: INFO     :: sent = 1001 s m 0 0 1
2024-03-05 19:08:21.185 :: INFO     :: reply = 1001 s m 0 0 1~*
2024-03-05 19:08:21.227 :: INFO     :: sent = 1001 s m 0 1 6
2024-03-05 19:08:21.249 :: INFO     :: reply = 1001 s m 0 1 6~*
2024-03-05 19:08:21.288 :: INFO     :: sent = 1001 s m 4 0 1
2024-03-05 19:08:21.306 :: INFO     :: reply = 1001 s m 4 0 1~*
2024-03-05 19:08:21.350 :: INFO     :: sent = 1001 s m 7 0
2024-03-05 19:08:21.369 :: INFO     :: reply = 1001 s m 7 0~*
2024-03-05 19:08:21.413 :: INFO     :: sent = 1001 s m 7 4 1
2024-03-05 19:08:21.432 :: INFO     :: reply = 1001 s m 7 4 1~*
2024-03-05 19:08:21.474 :: INFO     :: sent = 1001 s m 7 3 26500000
2024-03-05 19:08:21.493 :: INFO     :: reply = 1001 s m 7 3 26500000~*
2024-03-05 19:08:21.534 :: INFO     :: sent = 1001 s m 7 2 21500000
2024-03-05 19:08:21.552 :: INFO     :: reply = 1001 s m 7 2 21500000~*
2024-03-05 19:08:21.596 :: INFO     :: sent = 1001 s m 10 5 1500000
2024-03-05 19:08:21.614 :: INFO     :: reply = 1001 s m 10 5 1500000~*
2024-03-05 19:08:21.657 :: INFO     :: sent = 1001 s m 10 4 10
2024-03-05 19:08:21.676 :: INFO     :: reply = 1001 s m 10 4 10~*
2024-03-05 19:08:21.719 :: INFO     :: sent = 1001 s m 10 2 2
2024-03-05 19:08:21.737 :: INFO     :: reply = 1001 s m 10 2 2~*
2024-03-05 19:08:21.781 :: INFO     :: sent = 1001 s m 10 6 200
2024-03-05 19:08:21.799 :: INFO     :: reply = 1001 s m 10 6 200~*
2024-03-05 19:08:21.842 :: INFO     :: sent = 1001 s m 11 8 50
2024-03-05 19:08:21.860 :: INFO     :: reply = 1001 s m 11 8 50~*
2024-03-05 19:08:21.903 :: INFO     :: sent = 1001 s m 10 9 800
2024-03-05 19:08:21.921 :: INFO     :: reply = 1001 s m 10 9 800~*
2024-03-05 19:08:21.965 :: INFO     :: sent = 1001 s m 10 7 200
2024-03-05 19:08:21.983 :: INFO     :: reply = 1001 s m 10 7 200~*
2024-03-05 19:08:22.028 :: INFO     :: sent = 1001 s m 10 10 -50
2024-03-05 19:08:22.046 :: INFO     :: reply = 1001 s m 10 10 -50~*
2024-03-05 19:08:22.211 :: INFO     :: sent = 1001 s a run
2024-03-05 19:08:22.230 :: INFO     :: reply = 1001 s a run~*
2024-03-05 19:08:22.778 :: INFO     :: Started Intan Recording
2024-03-05 19:08:22.962 :: INFO     :: Started SAGA recording (Max/Max_2024_03_05/Max_2024_03_05_STIM_%s_9)
2024-03-05 19:08:22.981 :: INFO     :: Begin Stimulation
2024-03-05 19:08:23.024 :: INFO     :: sent = 1001 s t one
2024-03-05 19:08:23.042 :: INFO     :: reply = 1001 s t one~*
2024-03-05 19:08:49.586 :: INFO     :: Stopped SAGA recording (Block = 9)
2024-03-05 19:08:49.616 :: INFO     :: Stopped Intan
